Godot Engine v4.1.3.stable.official.f06b6836a - https://godotengine.org
Vulkan API 1.3.289 - Forward Mobile - Using Vulkan Device #0: NVIDIA - NVIDIA GeForce RTX 3060
 
-8.89725589752197 and -8.95281028747559
-8.89006423950195 and -8.94876194000244
-8.88348197937012 and -8.94498920440674
-8.88348197937012 and -8.94750118255615
-8.87233448028564 and -8.93859958648682
-8.86747646331787 and -8.93575191497803
-8.86331081390381 and -8.93338584899902
-8.85944366455078 and -8.93113040924072
-8.85944366455078 and -8.93257331848145
-8.85272407531738 and -8.92714786529541
-8.85000610351563 and -8.9255895614624
-8.84747123718262 and -8.92409420013428
-8.84518909454346 and -8.92274475097656
-8.84518909454346 and -8.92358112335205
-8.84136581420898 and -8.92050933837891
-8.83963298797607 and -8.9194507598877
-8.83815860748291 and -8.91858196258545
-8.83681678771973 and -8.91778373718262
-8.83681678771973 and -8.91827201843262
-8.83455753326416 and -8.91645240783691
-8.83354759216309 and -8.91583633422852
-8.83266639709473 and -8.91530990600586
-8.83187580108643 and -8.91483783721924
-8.83187580108643 and -8.91512393951416
-8.83055686950684 and -8.9140625
-8.82987785339355 and -8.91368198394775
-8.82926559448242 and -8.91335964202881
-8.82869148254395 and -8.91313076019287
-8.82869148254395 and -8.91353511810303
-8.82728672027588 and -8.91263198852539
-8.89725685119629 and -8.95085430145264
-8.88990783691406 and -8.94670391082764
-8.88990783691406 and -8.94956302642822
-8.87729358673096 and -8.93950462341309
-8.87178039550781 and -8.93627834320068
-8.86691379547119 and -8.93345737457275
-8.86254024505615 and -8.93091487884521
-8.86254024505615 and -8.93255519866943
-8.85509204864502 and -8.92657566070557
-8.85203075408936 and -8.92483139038086
-8.84916019439697 and -8.92314052581787
-8.84657287597656 and -8.92161178588867
-8.84657287597656 and -8.9225606918335
-8.84208297729492 and -8.91892242431641
-8.84028434753418 and -8.91788864135742
-8.83859729766846 and -8.9168872833252
-8.83707618713379 and -8.91598320007324
-8.83707618713379 and -8.91653633117676
-8.83453559875488 and -8.9144926071167
-8.83338832855225 and -8.91379261016846
-8.83239078521729 and -8.91319561004639
-8.83149433135986 and -8.91266059875488
-8.83149433135986 and -8.91298484802246
-8.82999134063721 and -8.91177272796631
-8.82931327819824 and -8.91135692596436
-8.82872486114502 and -8.91100406646729
-8.82821178436279 and -8.9107027053833
-8.82821178436279 and -8.91089344024658
-8.82731914520264 and -8.91017246246338
-8.82692718505859 and -8.90993404388428
-8.82658100128174 and -8.90972709655762
-8.82626914978027 and -8.9095401763916
-8.82626914978027 and -8.90965175628662
-8.82575035095215 and -8.90923404693604
-8.82551097869873 and -8.90908527374268
-8.8253059387207 and -8.90896224975586
-8.82512092590332 and -8.90885066986084
-8.82512092590332 and -8.90891647338867
-8.82481575012207 and -8.90867137908936
-8.82467460632324 and -8.90858364105225
-8.82455348968506 and -8.90851020812988
-8.82455348968506 and -8.90855407714844
-8.82455348968506 and -8.90859317779541
-8.89726161956787 and -8.84360313415527
-8.88989162445068 and -8.83256053924561
-8.88308143615723 and -8.82236289978027
-8.88308143615723 and -8.81937503814697
-8.87143039703369 and -8.80490779876709
-8.86634731292725 and -8.79747295379639
-8.86186790466309 and -8.79085922241211
-8.85787868499756 and -8.78504276275635
-8.85787868499756 and -8.78346538543701
-8.85123062133789 and -8.77546691894531
-8.84864330291748 and -8.77171421051025
-8.84617519378662 and -8.76825046539307
-8.84390544891357 and -8.76507472991943
-8.84390544891357 and -8.76423835754395
-8.83978366851807 and -8.75935745239258
-8.83822536468506 and -8.75710678100586
-8.83670616149902 and -8.75497341156006
-8.8353385925293 and -8.75304794311523
-8.8353385925293 and -8.7525463104248
-8.83307552337646 and -8.74983310699463
-8.83197116851807 and -8.74832439422607
-8.8310546875 and -8.74704456329346
-8.83023738861084 and -8.74590015411377
-8.83023738861084 and -8.74560642242432
-8.82891178131104 and -8.74401664733887
-8.82825374603271 and -8.74312114715576
-8.82772731781006 and -8.74238109588623
-8.82724666595459 and -8.74170780181885
-8.82724666595459 and -8.74153518676758
-8.82645034790039 and -8.7405834197998
-8.82607460021973 and -8.74006843566895
-8.82575798034668 and -8.73962593078613
-8.89726257324219 and -8.9534797668457
-8.89726257324219 and -8.95674324035645
-8.88316535949707 and -8.94557952880859
-8.87690448760986 and -8.94190883636475
-8.87134456634521 and -8.9386157989502
-8.86634254455566 and -8.93558883666992
-8.86634254455566 and -8.93735408782959
-8.85791683197021 and -8.93042755126953
-8.85427951812744 and -8.92818832397461
-8.85107135772705 and -8.92619037628174
-8.84816837310791 and -8.92442893981934
-8.84816837310791 and -8.92546463012695
-8.84321784973145 and -8.92144870758057
-8.84111976623535 and -8.92016124725342
-8.83922958374023 and -8.91900253295898
-8.83754539489746 and -8.91793060302734
-8.83754539489746 and -8.91850662231445
-8.83468627929688 and -8.91613101959229
-8.83343887329102 and -8.91536235809326
-8.83232402801514 and -8.91468715667725
-8.83131694793701 and -8.91408824920654
-8.83131694793701 and -8.91445446014404
-8.82961177825928 and -8.91307926177979
-8.82888889312744 and -8.91265201568604
-8.8282299041748 and -8.91226005554199
-8.82763481140137 and -8.91190433502197
-8.82763481140137 and -8.91211891174316
-8.82660484313965 and -8.91128349304199
-8.82618808746338 and -8.91104030609131
-8.8258056640625 and -8.91080093383789
-8.82546234130859 and -8.91058444976807
-8.82546234130859 and -8.91068172454834
-8.82490253448486 and -8.91019248962402
-8.82465648651123 and -8.91001987457275
-8.82444190979004 and -8.90986728668213
-8.82425022125244 and -8.90972900390625
-8.82425022125244 and -8.90978813171387
-8.82392311096191 and -8.90949726104736
-8.82377815246582 and -8.90939712524414
-8.82364368438721 and -8.90931701660156
-8.82352066040039 and -8.9092435836792
-8.82352066040039 and -8.90927124023438
-8.82332324981689 and -8.90911388397217
-8.82323265075684 and -8.90905857086182
-8.8231782913208 and -8.90903663635254
-8.82312297821045 and -8.90897846221924
-8.82312297821045 and -8.90897274017334
-8.82302856445313 and -8.90888595581055
-8.82298851013184 and -8.90883445739746
-8.8229808807373 and -8.90876293182373
-8.82295799255371 and -8.90872383117676
-8.82295799255371 and -8.90867042541504
-8.82296657562256 and -8.90860652923584
-8.82297420501709 and -8.90855503082275
-8.8229866027832 and -8.90850639343262
-8.82298469543457 and -8.90847682952881
-8.82298469543457 and -8.90846729278564
-8.82296371459961 and -8.9084358215332
-8.82296085357666 and -8.90844058990479
-8.82293033599854 and -8.90841674804688
-8.82291412353516 and -8.90840625762939
-8.82291412353516 and -8.90841197967529
-8.82289028167725 and -8.90839290618896
-8.82287788391113 and -8.90838432312012
-8.89687061309814 and -8.95210266113281
-8.89687061309814 and -8.95532989501953
-8.88277149200439 and -8.94411468505859
-8.8765697479248 and -8.94049167633057
-8.87110805511475 and -8.93733596801758
-8.86620616912842 and -8.93449783325195
-8.86620616912842 and -8.93634605407715
-8.85785675048828 and -8.92965126037598
-8.85425567626953 and -8.92753219604492
-8.85104084014893 and -8.92564487457275
-8.84839057922363 and -8.92418575286865
-8.84839057922363 and -8.92525291442871
-8.84324169158936 and -8.92106246948242
-8.84130001068115 and -8.9199800491333
-8.83940982818604 and -8.91886138916016
-8.83771228790283 and -8.91785621643066
-8.83771228790283 and -8.91847801208496
-8.83489227294922 and -8.91621589660645
-8.83354759216309 and -8.91537284851074
-8.83241748809814 and -8.91469383239746
-8.83140659332275 and -8.91408729553223
-8.83140659332275 and -8.91445159912109
-8.8297643661499 and -8.91313648223877
-8.82897090911865 and -8.91263675689697
-8.82830429077148 and -8.91223526000977
-8.82770919799805 and -8.91187763214111
-8.82770919799805 and -8.91209125518799
-8.8267240524292 and -8.91129875183105
-8.82626247406006 and -8.91100978851318
-8.82586860656738 and -8.91077136993408
-8.82551765441895 and -8.91056060791016
-8.82551765441895 and -8.91068649291992
-8.82494640350342 and -8.91022872924805
-8.82466506958008 and -8.91004848480225
-8.82443237304688 and -8.90990734100342
-8.82422542572021 and -8.90978336334229
-8.82422542572021 and -8.90985774993896
-8.82388782501221 and -8.90958690643311
-8.82372283935547 and -8.9094820022583
-8.82358551025391 and -8.90939807891846
-8.82346343994141 and -8.90932464599609
-8.82346343994141 and -8.90936851501465
-8.82326412200928 and -8.90920829772949
-8.82316589355469 and -8.90914630889893
-8.82308483123779 and -8.90909671783447
-8.82301235198975 and -8.90905284881592
-8.82301235198975 and -8.90907859802246
-8.82289409637451 and -8.90898323059082
-8.82283687591553 and -8.9089469909668
-8.82278919219971 and -8.9089183807373
-8.82274723052979 and -8.90889358520508
-8.82274723052979 and -8.90890884399414
-8.82267761230469 and -8.90885257720947
-8.8226432800293 and -8.9088306427002
-8.8226146697998 and -8.9088134765625
-8.82258987426758 and -8.90879821777344
-8.82258987426758 and -8.9088077545166
-8.82254886627197 and -8.90877437591553
-8.82252883911133 and -8.90876197814941
-8.82251167297363 and -8.90875148773193
-8.82243633270264 and -8.90879726409912
-8.82243633270264 and -8.90905475616455
-8.82229995727539 and -8.90961933135986
-8.82229137420654 and -8.90981101989746
-8.82408809661865 and -8.91051959991455
-8.82721710205078 and -8.91103649139404
-8.82721710205078 and -8.90398502349854
-8.85341548919678 and -8.90951538085938
-8.87151908874512 and -8.90742588043213
-8.88795375823975 and -8.90514469146729
-8.85509872436523 and -8.80509185791016
-8.8960428237915 and -8.83949661254883
-8.88852310180664 and -8.82877826690674
-8.88852310180664 and -8.82591915130615
-8.87589263916016 and -8.81073188781738
-8.87036800384521 and -8.8029203414917
-8.86549758911133 and -8.79599761962891
-8.86112022399902 and -8.78978824615479
-8.86112022399902 and -8.78814792633057
-8.85366725921631 and -8.77922534942627
-8.8504638671875 and -8.7747049331665
-8.84780693054199 and -8.77086639404297
-8.84522819519043 and -8.7672290802002
-8.84522819519043 and -8.76627922058105
-8.84064388275146 and -8.76084232330322
-8.83890628814697 and -8.75833988189697
-8.83722400665283 and -8.75593090057373
-8.83572196960449 and -8.75377655029297
-8.83572196960449 and -8.75316429138184
-8.83329296112061 and -8.75018310546875
-8.83213138580322 and -8.74855804443359
-8.83122444152832 and -8.74724769592285
-8.83037185668945 and -8.7460412979126
-8.83037185668945 and -8.74572277069092
-8.82893180847168 and -8.74399566650391
-8.82822513580322 and -8.74302768707275
-8.82763195037842 and -8.74219989776611
-8.82710266113281 and -8.74145889282227
-8.82710266113281 and -8.7412691116333
-8.82624435424805 and -8.7402400970459
-8.82584857940674 and -8.73970127105713
-8.82557773590088 and -8.7393159866333
-8.82532405853271 and -8.73896217346191
-8.82532405853271 and -8.73890113830566
-8.8250617980957 and -8.73862552642822
-8.82500171661377 and -8.73859214782715
-8.82517147064209 and -8.73894882202148
-8.82539749145508 and -8.73941040039063
-8.82539749145508 and -8.73983860015869
-8.82666301727295 and -8.74189281463623
-8.8273811340332 and -8.74332332611084
-8.82883739471436 and -8.74622249603271
-8.83003711700439 and -8.74864864349365
-8.83003711700439 and -8.75013542175293
-8.83279037475586 and -8.75428104400635
-8.83296298980713 and -8.75465679168701
-8.83288669586182 and -8.75451755523682
-8.83282852172852 and -8.75443649291992
-8.83282852172852 and -8.75441741943359
-8.83273887634277 and -8.75430965423584
-8.83269214630127 and -8.75424671173096
-8.83265495300293 and -8.75419521331787
-8.83262157440186 and -8.75414848327637
-8.83262157440186 and -8.75413703918457
-8.83256912231445 and -8.75407409667969
-8.83254146575928 and -8.75403690338135
-8.83251953125 and -8.75400638580322
-8.83250045776367 and -8.75397968292236
-8.83250045776367 and -8.75397205352783
-8.83246994018555 and -8.75393581390381
-8.83245277404785 and -8.75391292572021
8.71474075317383 and 8.66353321075439
8.70760154724121 and 8.65286159515381
8.70760154724121 and 8.64941692352295
8.69504451751709 and 8.63393592834473
8.68944644927979 and 8.62555027008057
8.68435859680176 and 8.61761283874512
8.67977714538574 and 8.61062717437744
8.67977714538574 and 8.60825824737549
8.6718282699585 and 8.59812355041504
8.66869926452637 and 8.59334945678711
8.66579246520996 and 8.58893489837646
8.66324329376221 and 8.58521461486816
8.66324329376221 and 8.58426094055176
8.6590051651001 and 8.57925701141357
8.65744495391846 and 8.57705307006836
8.6560754776001 and 8.57523632049561
8.6547966003418 and 8.57354164123535
8.6547966003418 and 8.57332897186279
8.65304279327393 and 8.57141208648682
8.65211868286133 and 8.57027149200439
8.65141296386719 and 8.56943035125732
8.65064716339111 and 8.56840324401855
8.65064716339111 and 8.56814289093018
8.6492805480957 and 8.56649208068848
8.64858245849609 and 8.56553840637207
8.64799976348877 and 8.56472587585449
8.64748096466064 and 8.56400012969971
8.64748096466064 and 8.56381416320801
8.64664459228516 and 8.56281089782715
8.64623546600342 and 8.56225109100342
8.64589214324951 and 8.5617733001709
8.64558601379395 and 8.56134510040283
8.64558601379395 and 8.56123542785645
8.64508056640625 and 8.56063175201416
8.64484310150146 and 8.56030559539795
8.64463996887207 and 8.56002330780029
8.64445972442627 and 8.55977153778076
8.64445972442627 and 8.55970668792725
8.64416790008545 and 8.55935668945313
8.64402103424072 and 8.55915832519531
8.64390087127686 and 8.55899047851563
8.64379501342773 and 8.55884265899658
8.64379501342773 and 8.55880451202393
8.64362239837646 and 8.55859756469727
8.64353656768799 and 8.55848121643066
8.64346504211426 and 8.55838203430176
8.64340209960938 and 8.55829429626465
8.64340209960938 and 8.55827140808105
8.64330101013184 and 8.55815029144287
8.64325046539307 and 8.55808162689209
8.64320755004883 and 8.55802249908447
8.64317035675049 and 8.55797004699707
8.64317035675049 and 8.55795669555664
8.64311027526855 and 8.55788516998291
8.64308071136475 and 8.55784511566162
-8.89726257324219 and -8.84125137329102
-8.8899564743042 and -8.8307580947876
-8.8899564743042 and -8.82790565490723
-8.87738704681396 and -8.81281471252441
-8.87189483642578 and -8.80505084991455
-8.86708927154541 and -8.79825878143311
-8.86277389526367 and -8.79216766357422
-8.86277389526367 and -8.79060935974121
-8.85549163818359 and -8.7819356918335
-8.85235500335693 and -8.7775297164917
-8.84978866577148 and -8.77380657196045
-8.847243309021 and -8.77021312713623
-8.847243309021 and -8.76927375793457
-8.8426570892334 and -8.76384353637695
-8.84096717834473 and -8.76139640808105
-8.83930110931396 and -8.75905132293701
-8.83778762817383 and -8.75692749023438
-8.83778762817383 and -8.75637912750244
-8.83532238006592 and -8.75342178344727
-8.83412170410156 and -8.7517786026001
-8.83312034606934 and -8.75037956237793
-8.83222675323486 and -8.74912929534912
-8.83222675323486 and -8.74880790710449
-8.83076953887939 and -8.74706172943115
-8.83005905151367 and -8.74609184265137
-8.8294677734375 and -8.74526786804199
-8.82895565032959 and -8.74454593658447
-8.82895565032959 and -8.74435710906982
-8.89725780487061 and -8.95333194732666
-8.88979244232178 and -8.94900131225586
-8.88296031951904 and -8.94493961334229
-8.8768310546875 and -8.94124794006348
-8.8768310546875 and -8.94347763061523
-8.86644268035889 and -8.93513488769531
-8.86192035675049 and -8.93246841430664
-8.8581018447876 and -8.93031978607178
-8.85431003570557 and -8.9280252456665
-8.85431003570557 and -8.92936611175537
-8.84816932678223 and -8.92442798614502
-8.84572887420654 and -8.92306518554688
-8.84338569641113 and -8.9216890335083
-8.8412561416626 and -8.9204273223877
-8.8412561416626 and -8.9212064743042
-8.83747005462646 and -8.91811943054199
-8.83605766296387 and -8.91733455657959
-8.83466053009033 and -8.91650104522705
-8.83341217041016 and -8.91575908660889
-8.83341217041016 and -8.91621494293213
-8.8313684463501 and -8.91457939147949
-8.83036518096924 and -8.91394424438477
-8.82955455780029 and -8.9134635925293
-8.82883548736572 and -8.91304111480713
-8.82883548736572 and -8.91330814361572
-8.89726257324219 and -8.95352554321289
-8.88980484008789 and -8.94924354553223
-8.88296413421631 and -8.94520664215088
-8.8768138885498 and -8.94157123565674
-8.8768138885498 and -8.94385623931885
-8.86640167236328 and -8.93550586700439
-8.86187171936035 and -8.9328441619873
-8.85786151885986 and -8.93050670623779
-8.854248046875 and -8.92839241027832
-8.854248046875 and -8.92973518371582
-8.84809589385986 and -8.9247875213623
-8.84564876556396 and -8.92341995239258
-8.84328365325928 and -8.92202281951904
-8.84116172790527 and -8.92076969146729
-8.84116172790527 and -8.92154979705811
-8.83737659454346 and -8.91846466064453
-8.8359375 and -8.9176549911499
-8.83454608917236 and -8.91682815551758
-8.8333044052124 and -8.91609287261963
-8.8333044052124 and -8.91654872894287
-8.83123016357422 and -8.91488456726074
-8.83024311065674 and -8.91426563262939
-8.82941150665283 and -8.91376399993896
-8.82866859436035 and -8.9133186340332
-8.82866859436035 and -8.9135856628418
-8.8274564743042 and -8.9126148223877
-8.82686328887939 and -8.9122371673584
-8.82637310028076 and -8.91194152832031
-8.82593536376953 and -8.91167163848877
-8.82593536376953 and -8.91182899475098
-8.82518768310547 and -8.91122341156006
-8.82485580444336 and -8.91101837158203
-8.82456970214844 and -8.91084671020508
-8.82431316375732 and -8.91069316864014
-8.82431316375732 and -8.91078567504883
-8.82388210296631 and -8.91043853759766
-8.82368755340576 and -8.91031837463379
-8.82351970672607 and -8.91021823883057
-8.82336807250977 and -8.91012763977051
-8.82336807250977 and -8.91018199920654
-8.82311344146729 and -8.9099760055542
-8.822998046875 and -8.90990543365479
-8.82289886474609 and -8.90984535217285
-8.82281017303467 and -8.90979290008545
-8.82281017303467 and -8.90982532501221
-8.82265949249268 and -8.90970325469971
-8.82259178161621 and -8.9096622467041
-8.82253265380859 and -8.90962600708008
-8.82248020172119 and -8.90959453582764
-8.82248020172119 and -8.90961360931396
-8.82239151000977 and -8.90954208374023
-8.82235145568848 and -8.90951728820801
-8.82231616973877 and -8.90949630737305
-8.82228565216064 and -8.90947818756104
-8.82228565216064 and -8.90948963165283
-8.82223224639893 and -8.90944576263428
-8.82220935821533 and -8.90943241119385
-8.82218837738037 and -8.90942001342773
-8.82217025756836 and -8.90940856933594
-8.82217025756836 and -8.90941524505615
-8.82213973999023 and -8.90939140319824
-8.82212543487549 and -8.90938186645508
-8.82211399078369 and -8.90937519073486
-8.82210254669189 and -8.90936851501465
-8.82210254669189 and -8.90937232971191
-8.82208442687988 and -8.90935802459717
-8.82236480712891 and -8.90964126586914
-8.82210636138916 and -8.90938568115234
-8.8220796585083 and -8.90936183929443
-8.8220796585083 and -8.90936374664307
-8.82206726074219 and -8.90935325622559
-8.82206249237061 and -8.90935039520264
-8.82205867767334 and -8.909348487854
-8.82205486297607 and -8.90934562683105
-8.82205486297607 and -8.90934753417969
-8.82204818725586 and -8.90934181213379
-8.82204532623291 and -8.90933990478516
-8.82204246520996 and -8.90933799743652
-8.82204055786133 and -8.90933704376221
-8.82204055786133 and -8.90933799743652
-8.82203674316406 and -8.90933513641357
-8.82203483581543 and -8.90933418273926
-8.82201862335205 and -8.90931797027588
-8.82201671600342 and -8.90931701660156
-8.82201671600342 and -8.90931701660156
-8.82201480865479 and -8.90931606292725
-8.82201385498047 and -8.90931510925293
-8.82201290130615 and -8.90931510925293
-8.82201194763184 and -8.90931415557861
-8.82201194763184 and -8.90931415557861
-8.82201099395752 and -8.9093132019043
-8.8220100402832 and -8.9093132019043
-8.8220100402832 and -8.9093132019043
-8.82200908660889 and -8.90931224822998
-8.82200908660889 and -8.90931224822998
-8.82200813293457 and -8.90931129455566
-8.82200813293457 and -8.90931224822998
-8.82200813293457 and -8.90931224822998
-8.82200813293457 and -8.90931224822998
-8.82200813293457 and -8.90931224822998
-8.82200717926025 and -8.90931129455566
-8.82200622558594 and -8.90931034088135
-8.82200622558594 and -8.90931034088135
-8.82200622558594 and -8.90931034088135
-8.82200622558594 and -8.90931034088135
-8.82200527191162 and -8.90930938720703
-8.82200527191162 and -8.90930938720703
-8.82200527191162 and -8.90930938720703
-8.82200527191162 and -8.90930938720703
-8.82200527191162 and -8.90930938720703
-8.82218933105469 and -8.90949440002441
-8.82200908660889 and -8.90931415557861
-8.82200527191162 and -8.90931034088135
-8.82200527191162 and -8.90931034088135
-8.82200527191162 and -8.90931034088135
-8.82200527191162 and -8.90931034088135
-8.82200527191162 and -8.90931034088135
-8.89725875854492 and -8.9535026550293
-8.88986968994141 and -8.94934368133545
-8.88310527801514 and -8.94546604156494
-8.88310527801514 and -8.94804763793945
-8.87164974212646 and -8.9389009475708
-8.86677265167236 and -8.93608951568604
-8.86234474182129 and -8.93351078033447
-8.85836219787598 and -8.93118381500244
-8.85836219787598 and -8.93266773223877
-8.85149478912354 and -8.9271297454834
-8.84866523742676 and -8.92549133300781
-8.84606075286865 and -8.9239559173584
-8.84371662139893 and -8.92257022857666
-8.84371662139893 and -8.92343044281006
-8.83977699279785 and -8.92026233673096
-8.83802795410156 and -8.9192066192627
-8.83649253845215 and -8.91829299926758
-8.83511352539063 and -8.91747283935547
-8.83511352539063 and -8.9179744720459
-8.83278751373291 and -8.91609954833984
-8.83177185058594 and -8.91548919677734
-8.8308687210083 and -8.91495037078857
-8.83005809783936 and -8.91446685791016
-8.83005809783936 and -8.91476154327393
-8.82869434356689 and -8.91366195678711
-8.82807922363281 and -8.91328525543213
-8.82754707336426 and -8.91296672821045
-8.82708358764648 and -8.91269588470459
-8.82708358764648 and -8.91286849975586
-8.82626438140869 and -8.91220569610596
-8.82591724395752 and -8.91199779510498
-8.82560348510742 and -8.91180992126465
-8.82532215118408 and -8.91164207458496
-8.82532215118408 and -8.91174411773682
-8.82484722137451 and -8.91136074066162
-8.82463359832764 and -8.91123008728027
-8.82444858551025 and -8.91111946105957
-8.82428169250488 and -8.91101932525635
-8.82428169250488 and -8.91107940673828
-8.82400131225586 and -8.91085243225098
-8.82387542724609 and -8.91077518463135
-8.82376575469971 and -8.91070938110352
-8.82366847991943 and -8.91065216064453
-8.82366847991943 and -8.91068744659424
-8.82350254058838 and -8.91055297851563
-8.8234281539917 and -8.91050720214844
-8.82336330413818 and -8.91046810150146
-8.82330513000488 and -8.91043376922607
-8.82330513000488 and -8.91045475006104
-8.82320880889893 and -8.91037654876709
-8.82316398620605 and -8.91034889221191
-8.82316398620605 and -8.91036415100098
-8.82316398620605 and -8.91037845611572
-8.82316398620605 and -8.91038990020752
-8.82316398620605 and -8.91040134429932
