Godot Engine v4.1.3.stable.official.f06b6836a - https://godotengine.org
Vulkan API 1.3.289 - Forward Mobile - Using Vulkan Device #0: NVIDIA - NVIDIA GeForce RTX 3060
 
-8.89725971221924 and -8.84152317047119
-8.88979053497314 and -8.8307523727417
-8.88295745849609 and -8.82100296020508
-8.87681770324707 and -8.812255859375
-8.87681770324707 and -8.80992317199707
-8.86640357971191 and -8.79742240905762
-8.8618745803833 and -8.79102516174316
-8.85786533355713 and -8.78534317016602
-8.85426235198975 and -8.78024196624756
-8.85426235198975 and -8.77889156341553
-8.84810256958008 and -8.77150440216064
-8.84563541412354 and -8.76794338226318
-8.84328746795654 and -8.76460456848145
-8.84114837646484 and -8.76157569885254
-8.84114837646484 and -8.76078128814697
-8.83737182617188 and -8.7562780380249
-8.83594512939453 and -8.75419139862061
-8.83455657958984 and -8.7522087097168
-8.83330249786377 and -8.75041484832764
-8.83330249786377 and -8.74993896484375
-8.83123588562012 and -8.74744033813477
-8.83025360107422 and -8.74608135223389
-8.82942581176758 and -8.74491882324219
-8.82868480682373 and -8.74387645721436
-8.82868480682373 and -8.74360942840576
-8.82747173309326 and -8.74215602874756
-8.8268985748291 and -8.74136638641357
-8.82642841339111 and -8.74070167541504
-8.8259916305542 and -8.74009037017822
-8.8259916305542 and -8.73993301391602
-8.82525825500488 and -8.73905849456787
-8.82490825653076 and -8.73858165740967
-8.82461929321289 and -8.73817825317383
-8.82436084747314 and -8.73781681060791
-8.82436084747314 and -8.73772430419922
-8.8239278793335 and -8.73720741271973
-8.82373523712158 and -8.73694038391113
-8.82354068756104 and -8.73667812347412
-8.82354068756104 and -8.73661708831787
-8.82354068756104 and -8.73656272888184
-8.89744472503662 and -8.95263195037842
-8.88973808288574 and -8.94781112670898
-8.88973808288574 and -8.95047855377197
-8.87703895568848 and -8.94022274017334
-8.87148094177246 and -8.93693828582764
-8.8666877746582 and -8.93420696258545
-8.86234378814697 and -8.93170928955078
-8.85836410522461 and -8.92938232421875
-8.85836410522461 and -8.93086338043213
-8.85148429870605 and -8.9253101348877
-8.84864234924316 and -8.92365837097168
-8.84604167938232 and -8.92212390899658
-8.84370231628418 and -8.92074108123779
-8.84370231628418 and -8.92160034179688
-8.83975982666016 and -8.91842746734619
-8.83800792694092 and -8.91736793518066
-8.83650207519531 and -8.91648292541504
-8.83509922027588 and -8.9156379699707
-8.83509922027588 and -8.91613864898682
-8.83279418945313 and -8.91428470611572
-8.83174800872803 and -8.91364288330078
-8.83087158203125 and -8.91312980651855
-8.83014106750488 and -8.91272640228271
-8.83014106750488 and -8.91302013397217
-8.82870578765869 and -8.91184902191162
-8.82808780670166 and -8.91146850585938
-8.82755565643311 and -8.9111499786377
-8.82707786560059 and -8.91086387634277
-8.82707786560059 and -8.91103649139404
-8.82627582550049 and -8.91038990020752
-8.82591342926025 and -8.9101676940918
-8.82559967041016 and -8.90997886657715
-8.82531833648682 and -8.90981101989746
-8.82531833648682 and -8.90991306304932
-8.82484531402588 and -8.90953159332275
-8.82463073730469 and -8.90939903259277
-8.8244457244873 and -8.90928840637207
-8.82428073883057 and -8.90919017791748
-8.82428073883057 and -8.90925025939941
-8.82400035858154 and -8.90902328491211
-8.82387447357178 and -8.90894603729248
-8.82376480102539 and -8.90888023376465
-8.82366752624512 and -8.90882205963135
-8.82366752624512 and -8.90885734558105
-8.82350158691406 and -8.90872383117676
-8.82342720031738 and -8.90867805480957
-8.82336330413818 and -8.90863990783691
-8.82330513000488 and -8.90860462188721
-8.82330513000488 and -8.90862560272217
-8.82320785522461 and -8.90854740142822
-8.82316398620605 and -8.90851974487305
-8.8231258392334 and -8.90849685668945
-8.82309150695801 and -8.90847682952881
-8.82309150695801 and -8.90848922729492
-8.82303428649902 and -8.90844249725342
-8.82300853729248 and -8.90842723846436
-8.8229866027832 and -8.90841388702393
-8.82296657562256 and -8.90840244293213
-8.82296657562256 and -8.90840911865234
-8.82293128967285 and -8.90838050842285
-8.82291698455811 and -8.908371925354
-8.82291698455811 and -8.9083776473999
-8.82291698455811 and -8.90838241577148
-8.82291698455811 and -8.90838623046875
-8.89725208282471 and -8.95349407196045
-8.88986396789551 and -8.94933414459229
-8.88310241699219 and -8.94545745849609
-8.88310241699219 and -8.94803810119629
-8.87165260314941 and -8.9388952255249
-8.86666011810303 and -8.93596744537354
-8.86224746704102 and -8.93340301513672
-8.85827159881592 and -8.9310827255249
-8.85827159881592 and -8.9325647354126
-8.85150814056396 and -8.9271297454834
-8.8487548828125 and -8.92556762695313
-8.84615135192871 and -8.92403221130371
-8.84380340576172 and -8.92264270782471
-8.84380340576172 and -8.92350196838379
-8.8397102355957 and -8.92018032073975
-8.83809947967529 and -8.91926193237305
-8.83656883239746 and -8.91835308074951
-8.83518695831299 and -8.91753005981445
-8.83518695831299 and -8.91803169250488
-8.83288288116455 and -8.91617870330811
-8.83182430267334 and -8.91552448272705
-8.83091640472412 and -8.9149808883667
-8.83010196685791 and -8.91449356079102
-8.83010196685791 and -8.91478824615479
-8.82875633239746 and -8.91370677947998
-8.8281421661377 and -8.913330078125
-8.82760715484619 and -8.91300868988037
-8.82712745666504 and -8.91272163391113
-8.82712745666504 and -8.9128942489624
-8.82631301879883 and -8.91223526000977
-8.82595825195313 and -8.91202068328857
-8.8256778717041 and -8.91186618804932
-8.8256778717041 and -8.91197967529297
-8.8256778717041 and -8.91208171844482
-8.8256778717041 and -8.9121732711792
-8.8256778717041 and -8.91225528717041
-8.8256778717041 and -8.91232967376709
-8.89725971221924 and -8.84630393981934
-8.89089679718018 and -8.83716011047363
-8.89089679718018 and -8.83467483520508
-8.8799295425415 and -8.82148551940918
-8.87506866455078 and -8.81446075439453
-8.87077903747559 and -8.80829524993896
-8.86706256866455 and -8.80291557312012
-8.86706256866455 and -8.80148029327393
-8.86038875579834 and -8.7935209274292
-8.85771179199219 and -8.78969192504883
-8.85520076751709 and -8.78614807128906
-8.85293769836426 and -8.782958984375
-8.85293769836426 and -8.78212833404541
-8.84916019439697 and -8.77760601043701
-8.84745597839355 and -8.77523231506348
-8.84597301483154 and -8.77314949035645
-8.84464168548584 and -8.77127838134766
-8.84464168548584 and -8.77079391479492
-8.84240913391113 and -8.76812648773193
-8.84140110015869 and -8.76672744750977
-8.8405294418335 and -8.76550483703613
-8.83974456787109 and -8.764404296875
-8.83974456787109 and -8.76400756835938
-8.83814239501953 and -8.76192378997803
-8.83715534210205 and -8.76029777526855
-8.83612632751465 and -8.75851631164551
-8.83514785766602 and -8.75682067871094
-8.83514785766602 and -8.75630664825439
-8.83376502990723 and -8.7544994354248
-8.83330821990967 and -8.75383567810059
-8.83298873901367 and -8.75339031219482
-8.83272933959961 and -8.75301742553711
-8.83272933959961 and -8.75291538238525
-8.83223438262939 and -8.75232887268066
-8.83203887939453 and -8.75205039978027
-8.83185482025146 and -8.75179195404053
-8.89725971221924 and -8.9512243270874
-8.89725971221924 and -8.95458507537842
-8.88324642181396 and -8.94365787506104
-8.87702560424805 and -8.94024848937988
-8.87149238586426 and -8.93727970123291
-8.86649322509766 and -8.93465709686279
-8.86649322509766 and -8.93677997589111
-8.8579683303833 and -8.93014812469482
-8.85428619384766 and -8.92813110351563
-8.85102272033691 and -8.92629146575928
-8.84811592102051 and -8.92460536956787
-8.84811592102051 and -8.92568397521973
-8.84314346313477 and -8.92167949676514
-8.84102249145508 and -8.9204273223877
-8.83911323547363 and -8.91929817199707
-8.8373966217041 and -8.91828155517578
-8.8373966217041 and -8.91890907287598
-8.83447456359863 and -8.91655158996582
-8.83323097229004 and -8.91581535339355
-8.83210563659668 and -8.91515445709229
-8.83109474182129 and -8.91455268859863
-8.83109474182129 and -8.91492080688477
-8.82936763763428 and -8.91352367401123
-8.82863235473633 and -8.9130859375
-8.82796955108643 and -8.91269016265869
-8.82737445831299 and -8.91233539581299
-8.82737445831299 and -8.91255187988281
-8.82636451721191 and -8.91173553466797
-8.82636451721191 and -8.91191101074219
-8.82636451721191 and -8.91206741333008
-8.82636451721191 and -8.91220951080322
-8.82636451721191 and -8.9123363494873
-8.82636451721191 and -8.91245079040527
-8.89725875854492 and -8.84285259246826
-8.89030933380127 and -8.83292388916016
-8.88396263122559 and -8.82389736175537
-8.88396263122559 and -8.82150840759277
-8.87324619293213 and -8.80868148803711
-8.86869621276855 and -8.80219459533691
-8.86458301544189 and -8.79640960693359
-8.86086177825928 and -8.79115962982178
-8.86086177825928 and -8.78977108001709
-8.8544225692749 and -8.7820873260498
-8.85179615020752 and -8.77834510803223
-8.84935855865479 and -8.7749080657959
-8.84716320037842 and -8.77181529998779
-8.84716320037842 and -8.77101039886475
-8.84346771240234 and -8.76659202575684
-8.84183597564697 and -8.76431179046631
-8.84039974212646 and -8.76229286193848
-8.83910846710205 and -8.76047897338867
-8.83910846710205 and -8.76000881195068
-8.83693504333496 and -8.75741291046143
-8.83597850799561 and -8.75607776641846
-8.83513259887695 and -8.75489044189453
-8.83437252044678 and -8.75382423400879
-8.83437252044678 and -8.75354862213135
-8.83437252044678 and -8.75330066680908
-8.89725685119629 and -8.84307193756104
-8.89033985137939 and -8.83313179016113
-8.88401126861572 and -8.82410049438477
-8.87832164764404 and -8.81599521636963
-8.87832164764404 and -8.81383419036865
-8.8686695098877 and -8.80224800109863
-8.86448192596436 and -8.79632949829102
-8.86075878143311 and -8.79105663299561
-8.85758876800537 and -8.78649806976318
-8.85758876800537 and -8.78525352478027
-8.85171985626221 and -8.77826976776123
-8.84941101074219 and -8.7749605178833
-8.84721851348877 and -8.77187061309814
-8.84524059295654 and -8.76908779144287
-8.84524059295654 and -8.76836490631104
-8.84195709228516 and -8.76443290710449
-8.84044170379639 and -8.7623348236084
-8.83914184570313 and -8.76051235198975
-8.83797645568848 and -8.75887680053711
-8.83797645568848 and -8.75845432281494
-8.83603668212891 and -8.75613594055176
-8.8351583480835 and -8.75491619110107
-8.83439254760742 and -8.75384426116943
-8.83370780944824 and -8.75288391113281
-8.83370780944824 and -8.75263595581055
-8.83255767822266 and -8.75126361846924
-8.8320369720459 and -8.75054264068604
-8.83158588409424 and -8.74991130828857
-8.83118057250977 and -8.74934387207031
-8.83118057250977 and -8.7491979598999
-8.83051109313965 and -8.74839782714844
-8.83019638061523 and -8.74796485900879
-8.82993030548096 and -8.74759292602539
-8.8297061920166 and -8.74727344512939
-8.8297061920166 and -8.74718761444092
-8.82929706573486 and -8.74670124053955
-8.82912540435791 and -8.7464599609375
-8.82896900177002 and -8.74624156951904
-8.82896900177002 and -8.74618530273438
-8.82896900177002 and -8.74613475799561
-8.82896900177002 and -8.74608898162842
-8.89725971221924 and -8.95349884033203
-8.88981533050537 and -8.94930744171143
-8.88300228118896 and -8.94540214538574
-8.88300228118896 and -8.94800186157227
-8.87146377563477 and -8.93878936767578
-8.86651420593262 and -8.93592071533203
-8.8620548248291 and -8.93332386016846
-8.85805511474609 and -8.93099117279053
-8.85805511474609 and -8.93248558044434
-8.85116481781006 and -8.92693424224854
-8.84829711914063 and -8.92526626586914
-8.84567451477051 and -8.92372035980225
-8.84331607818604 and -8.92232704162598
-8.84331607818604 and -8.92319297790527
-8.8393383026123 and -8.91999340057373
-8.83758926391602 and -8.91894245147705
-8.83604526519775 and -8.91802501678467
-8.83465671539307 and -8.91719913482666
-8.83465671539307 and -8.91770458221436
-8.83249855041504 and -8.91600036621094
-8.83249855041504 and -8.91640853881836
-8.89725780487061 and -8.9534969329834
-8.88981533050537 and -8.94930744171143
-8.88300323486328 and -8.94540309906006
-8.87687969207764 and -8.94187927246094
-8.87687969207764 and -8.94420528411865
-8.86649799346924 and -8.93590354919434
-8.861985206604 and -8.93325328826904
-8.85812091827393 and -8.93105697631836
-8.85451126098633 and -8.92894172668457
-8.85451126098633 and -8.9302806854248
-8.84825134277344 and -8.92522048950195
-8.84571838378906 and -8.9237642288208
-8.84335899353027 and -8.92236995697021
-8.84124946594238 and -8.92112636566162
-8.84124946594238 and -8.92190361022949
-8.83767986297607 and -8.91903209686279
-8.8360767364502 and -8.91805553436279
-8.83468341827393 and -8.91722583770752
-8.83344841003418 and -8.91649627685547
-8.83344841003418 and -8.91695022583008
-8.83134841918945 and -8.91525840759277
-8.83040523529053 and -8.91468238830566
-8.83040523529053 and -8.91501235961914
-8.83040523529053 and -8.91530799865723
-8.83040523529053 and -8.91557502746582
-8.89726161956787 and -8.84477615356445
-8.88998699188232 and -8.83379459381104
-8.88998699188232 and -8.83013725280762
-8.87714195251465 and -8.81405162811279
-8.87151145935059 and -8.80567646026611
-8.86645793914795 and -8.79802989959717
-8.8619441986084 and -8.7913703918457
-8.8619441986084 and -8.78940773010254
-8.85431289672852 and -8.78010940551758
-8.85104656219482 and -8.77540302276611
-8.84816646575928 and -8.771240234375
-8.84557342529297 and -8.76754570007324
-8.84557342529297 and -8.76656913757324
-8.84115982055664 and -8.76128578186035
-8.8392448425293 and -8.75859260559082
-8.8375301361084 and -8.75617980957031
-8.83600425720215 and -8.75402641296387
-8.83600425720215 and -8.75346374511719
-8.83336734771729 and -8.75032043457031
-8.83224868774414 and -8.74874687194824
-8.8312406539917 and -8.74733066558838
-8.83033275604248 and -8.74605560302734
-8.83033275604248 and -8.74572563171387
-8.82879734039307 and -8.74389362335205
-8.82813549041748 and -8.74296569824219
-8.82754135131836 and -8.74213123321533
-8.82700634002686 and -8.74138069152832
-8.82700634002686 and -8.74118709564209
-8.82608509063721 and -8.74009132385254
-8.82570171356201 and -8.73955154418945
-8.82535171508789 and -8.7390604019165
-8.82503604888916 and -8.73861694335938
-8.82503604888916 and -8.73850345611572
-8.82450199127197 and -8.73786640167236
-8.82426643371582 and -8.73753833770752
-8.82406044006348 and -8.73724937438965
-8.82387351989746 and -8.73698806762695
-8.82387351989746 and -8.73692035675049
-8.82355880737305 and -8.73654556274414
-8.82341957092285 and -8.73635101318359
-8.82329654693604 and -8.73617935180664
-8.82318687438965 and -8.7360258102417
-8.82318687438965 and -8.73598575592041
-8.82300090789795 and -8.735764503479
-8.82291889190674 and -8.73565006256104
-8.82284736633301 and -8.73554992675781
-8.82278251647949 and -8.73545837402344
-8.82278251647949 and -8.73543548583984
-8.89725971221924 and -8.94954204559326
-8.89062976837158 and -8.94583034515381
-8.89062976837158 and -8.94849586486816
-8.87921047210693 and -8.93947792053223
-8.87433815002441 and -8.9367208480835
-8.86988735198975 and -8.9341983795166
-8.86589813232422 and -8.93189430236816
-8.86589813232422 and -8.9334077835083
-8.85902500152588 and -8.92786598205566
-8.85617828369141 and -8.92624187469482
-8.853590965271 and -8.92472457885742
-8.85125064849854 and -8.92334365844727
-8.85125064849854 and -8.92420482635498
-8.84731006622314 and -8.92103576660156
-8.84556674957275 and -8.9199857711792
-8.84403419494629 and -8.91907596588135
-8.84265899658203 and -8.9182596206665
-8.84265899658203 and -8.91876125335693
-8.84034252166748 and -8.91689586639404
-8.83932018280029 and -8.91627788543701
-8.83841705322266 and -8.91573905944824
-8.83760738372803 and -8.91525650024414
-8.83760738372803 and -8.91555023193359
-8.83623695373535 and -8.91444492340088
-8.83563137054443 and -8.91407680511475
-8.83506870269775 and -8.91376113891602
-8.83449840545654 and -8.91348266601563
-8.83449840545654 and -8.9137544631958
-8.83347702026367 and -8.91302013397217
-8.83300971984863 and -8.91279125213623
-8.83253574371338 and -8.91260623931885
-8.83206272125244 and -8.91243934631348
-8.83206272125244 and -8.91297912597656
-8.83053112030029 and -8.91216850280762
-8.8298397064209 and -8.91201591491699
-8.82892322540283 and -8.91187000274658
-8.8282585144043 and -8.91174697875977
-8.8282585144043 and -8.91242980957031
-8.82673168182373 and -8.91147994995117
-8.82616233825684 and -8.91134071350098
-8.82538223266602 and -8.91118812561035
-8.82492542266846 and -8.91105842590332
-8.82492542266846 and -8.91141510009766
-8.82405948638916 and -8.91078948974609
-8.82373237609863 and -8.91064929962158
-8.82338237762451 and -8.91049671173096
-8.82317638397217 and -8.91039180755615
-8.82317638397217 and -8.91048431396484
-8.82285976409912 and -8.9102029800415
-8.82278823852539 and -8.91015243530273
-8.82274436950684 and -8.91012573242188
-8.82271194458008 and -8.91010665893555
-8.82271194458008 and -8.91012001037598
-8.8226490020752 and -8.91006946563721
-8.82261943817139 and -8.9100513458252
-8.82259368896484 and -8.91003608703613
-8.82257080078125 and -8.91002178192139
-8.82257080078125 and -8.91003036499023
-8.82253360748291 and -8.90999984741211
-8.82251644134521 and -8.90998935699463
-8.82250022888184 and -8.90997982025146
-8.82248687744141 and -8.90997123718262
-8.82248687744141 and -8.9099760055542
-8.82245826721191 and -8.90995216369629
-8.82245635986328 and -8.90995216369629
-8.82243347167969 and -8.90993690490723
-8.82237243652344 and -8.90989208221436
-8.82237243652344 and -8.90990447998047
-8.82219314575195 and -8.90971755981445
-8.82213878631592 and -8.90964221954346
-8.82208728790283 and -8.90953826904297
-8.82206249237061 and -8.90946674346924
-8.82206249237061 and -8.90939140319824
-8.82204818725586 and -8.90929985046387
-8.82204818725586 and -8.90919208526611
-8.82204818725586 and -8.90899848937988
-8.87917804718018 and -8.94150066375732
-8.87347602844238 and -8.93820571899414
-8.86836242675781 and -8.93524646759033
-8.86376476287842 and -8.93257617950439
-8.86376476287842 and -8.93430233001709
-8.85594654083252 and -8.92803001403809
-8.85274600982666 and -8.92621517181396
-8.84974384307861 and -8.92445468902588
-8.84702301025391 and -8.92284679412842
-8.84702301025391 and -8.9238452911377
-8.84226512908936 and -8.91998386383057
-8.84040355682373 and -8.91892623901367
-8.83862972259521 and -8.91787338256836
-8.83702850341797 and -8.91692066192627
-8.83702850341797 and -8.91750240325928
-8.83437156677246 and -8.91536808013916
-8.83315086364746 and -8.91461658477783
-8.83209896087646 and -8.913987159729
-8.83115577697754 and -8.91342258453369
-8.83115577697754 and -8.91376399993896
-8.82958316802979 and -8.91249752044678
-8.82886123657227 and -8.9120512008667
-8.82824230194092 and -8.9116792678833
-8.82768630981445 and -8.91134643554688
-8.82768630981445 and -8.91154670715332
-8.82676696777344 and -8.91080665588379
-8.82634925842285 and -8.91055107116699
-8.82598495483398 and -8.91033267974854
-8.82565784454346 and -8.91013622283936
-8.82565784454346 and -8.91025447845459
-8.82509994506836 and -8.90980243682861
-8.82485866546631 and -8.9096565246582
-8.82464408874512 and -8.90952777862549
-8.82445049285889 and -8.90941143035889
-8.82445049285889 and -8.90948104858398
-8.82413005828857 and -8.90922355651855
-8.8239803314209 and -8.90913009643555
-8.82385349273682 and -8.90905380249023
-8.82373809814453 and -8.90898418426514
-8.82373809814453 and -8.90902519226074
-8.82354927062988 and -8.90887260437012
-8.82346057891846 and -8.90881729125977
-8.82338523864746 and -8.90877151489258
-8.823317527771 and -8.90873146057129
-8.823317527771 and -8.9087553024292
-8.82320690155029 and -8.90866661071777
-8.82315444946289 and -8.9086332321167
-8.82311058044434 and -8.90860748291016
-8.82306957244873 and -8.90858173370361
-8.82306957244873 and -8.90859603881836
-8.82300281524658 and -8.90854263305664
-8.82297229766846 and -8.90852355957031
-8.82294654846191 and -8.90850830078125
-8.82292366027832 and -8.90849494934082
-8.82292366027832 and -8.90850257873535
-8.82292366027832 and -8.90851020812988
-8.82292366027832 and -8.90851783752441
-8.82292366027832 and -8.90852355957031
-8.82292366027832 and -8.90852928161621
-8.82292366027832 and -8.90853404998779
-8.82292366027832 and -8.90853881835938
-8.82292366027832 and -8.90854263305664
-8.82292366027832 and -8.90854644775391
-8.82292366027832 and -8.90854930877686
-8.82292366027832 and -8.9085521697998
-8.82292366027832 and -8.90855503082275
-8.82292366027832 and -8.9085578918457
-8.82292366027832 and -8.90855979919434
-8.82292366027832 and -8.90856170654297
-8.82292366027832 and -8.9085636138916
-8.82292366027832 and -8.90856456756592
-8.82292366027832 and -8.90856647491455
-8.82292366027832 and -8.90856742858887
-8.82292366027832 and -8.90856838226318
-8.82292366027832 and -8.9085693359375
-8.82292366027832 and -8.90857028961182
-8.82292366027832 and -8.90857124328613
-8.82292366027832 and -8.90857219696045
-8.82292366027832 and -8.90857315063477
-8.82292366027832 and -8.90857315063477
-8.82292366027832 and -8.90857410430908
-8.82292366027832 and -8.90857410430908
-8.82292366027832 and -8.9085750579834
-8.82292366027832 and -8.9085750579834
-8.82292366027832 and -8.90857601165771
-8.82292366027832 and -8.90857601165771
-8.82292366027832 and -8.90857601165771
-8.82292366027832 and -8.90857696533203
-8.82292366027832 and -8.90857696533203
-8.82292366027832 and -8.90857696533203
-8.82292366027832 and -8.90857696533203
-8.82292366027832 and -8.90857696533203
-8.82292366027832 and -8.90857791900635
-8.82292366027832 and -8.90857791900635
-8.82292366027832 and -8.90857791900635
-8.82292366027832 and -8.90857791900635
-8.82292366027832 and -8.90857791900635
-8.82292366027832 and -8.90857791900635
-8.82292366027832 and -8.90857791900635
-8.82292366027832 and -8.90857791900635
-8.82292366027832 and -8.90857791900635
-8.82292366027832 and -8.90857791900635
-8.82292366027832 and -8.90857791900635
-8.82292366027832 and -8.90857887268066
-8.82292366027832 and -8.90857887268066
-8.82292366027832 and -8.90857887268066
-8.82292366027832 and -8.90857887268066
-8.82292366027832 and -8.90857887268066
-8.82292366027832 and -8.90857887268066
-8.82292366027832 and -8.90857887268066
-8.82292366027832 and -8.90857887268066
-8.82292366027832 and -8.90857887268066
-8.82292366027832 and -8.90857887268066
-8.82292366027832 and -8.90857887268066
-8.82292366027832 and -8.90857887268066
-8.82292366027832 and -8.90857887268066
-8.82292366027832 and -8.90857887268066
-8.82292366027832 and -8.90857887268066
-8.82292366027832 and -8.90857887268066
-8.82292366027832 and -8.90857887268066
-8.82292366027832 and -8.90857887268066
-8.82292366027832 and -8.90857887268066
-8.82292366027832 and -8.90857887268066
-8.82292366027832 and -8.90857887268066
-8.82292366027832 and -8.90857887268066
-8.82292366027832 and -8.90857887268066
-8.82292366027832 and -8.90857887268066
-8.82292366027832 and -8.90857887268066
-8.82292366027832 and -8.90857887268066
-8.82292366027832 and -8.90857887268066
-8.82292366027832 and -8.90857887268066
-8.82292366027832 and -8.90857887268066
-8.82292366027832 and -8.90857887268066
-8.82292366027832 and -8.90857887268066
-8.82292366027832 and -8.90857887268066
-8.82292366027832 and -8.90857887268066
-8.82292366027832 and -8.90857887268066
-8.82292366027832 and -8.90857887268066
-8.82292366027832 and -8.90857887268066
-8.82292366027832 and -8.90857887268066
-8.82292366027832 and -8.90857887268066
-8.82292366027832 and -8.90857887268066
-8.82292366027832 and -8.90857887268066
-8.82292366027832 and -8.90857887268066
-8.82292366027832 and -8.90857887268066
-8.82292366027832 and -8.90857887268066
-8.82292366027832 and -8.90857887268066
-8.82292366027832 and -8.90857887268066
-8.82292366027832 and -8.90857887268066
-8.82292366027832 and -8.90857887268066
-8.82292366027832 and -8.90857887268066
-8.82292366027832 and -8.90857887268066
-8.82292366027832 and -8.90857887268066
-8.82292366027832 and -8.90857887268066
-8.82292366027832 and -8.90857887268066
-8.82292366027832 and -8.90857887268066
-8.82292366027832 and -8.90857887268066
-8.82292366027832 and -8.90857887268066
-8.82292366027832 and -8.90857887268066
-8.82292366027832 and -8.90857887268066
-8.82292366027832 and -8.90857887268066
-8.82292366027832 and -8.90857887268066
-8.82292366027832 and -8.90857887268066
-8.82292366027832 and -8.90857887268066
-8.82292366027832 and -8.90857887268066
-8.82292366027832 and -8.90857887268066
-8.82292366027832 and -8.90857887268066
-8.82292366027832 and -8.90857887268066
-8.82292366027832 and -8.90857887268066
-8.82292366027832 and -8.90857887268066
-8.82292366027832 and -8.90857887268066
-8.82292366027832 and -8.90857887268066
-8.82292366027832 and -8.90857887268066
-8.82292366027832 and -8.90857887268066
-8.82292366027832 and -8.90857887268066
-8.82292366027832 and -8.90857887268066
-8.82292366027832 and -8.90857887268066
-8.82292366027832 and -8.90857887268066
-8.82292366027832 and -8.90857887268066
-8.82292366027832 and -8.90857887268066
-8.82292366027832 and -8.90857887268066
-8.82292366027832 and -8.90857887268066
-8.82292366027832 and -8.90857887268066
-8.82292366027832 and -8.90857887268066
-8.82292366027832 and -8.90857887268066
-8.82292366027832 and -8.90857887268066
-8.82292366027832 and -8.90857887268066
-8.82292366027832 and -8.90857887268066
-8.82292366027832 and -8.90857887268066
-8.82292366027832 and -8.90857887268066
-8.82292366027832 and -8.90857887268066
-8.82292366027832 and -8.90857887268066
-8.82292366027832 and -8.90857887268066
-8.82292366027832 and -8.90857887268066
-8.82292366027832 and -8.90857887268066
-8.82292366027832 and -8.90857887268066
-8.82292366027832 and -8.90857887268066
-8.82292366027832 and -8.90857887268066
-8.82292366027832 and -8.90857887268066
-8.82292366027832 and -8.90857887268066
-8.82292366027832 and -8.90857887268066
-8.82292366027832 and -8.90857887268066
-8.82292366027832 and -8.90857887268066
-8.82292366027832 and -8.90857887268066
-8.82292366027832 and -8.90857887268066
-8.82292366027832 and -8.90857887268066
-8.82292366027832 and -8.90857887268066
-8.82292366027832 and -8.90857887268066
-8.82292366027832 and -8.90857887268066
-8.82292366027832 and -8.90857887268066
-8.82292366027832 and -8.90857887268066
-8.82292366027832 and -8.90857887268066
-8.82292366027832 and -8.90857887268066
-8.82292366027832 and -8.90857887268066
-8.82292366027832 and -8.90857887268066
-8.82292366027832 and -8.90857887268066
-8.82292366027832 and -8.90857887268066
-8.82292366027832 and -8.90857887268066
-8.82292366027832 and -8.90857887268066
-8.82292366027832 and -8.90857887268066
-8.82292366027832 and -8.90857887268066
-8.82292366027832 and -8.90857887268066
-8.82292366027832 and -8.90857887268066
-8.82292366027832 and -8.90857887268066
-8.82292366027832 and -8.90857887268066
-8.82292366027832 and -8.90857887268066
-8.82292366027832 and -8.90857887268066
-8.82292366027832 and -8.90857887268066
-8.82292366027832 and -8.90857887268066
-8.82292366027832 and -8.90857887268066
-8.82292366027832 and -8.90857887268066
-8.82292366027832 and -8.90857887268066
-8.82292366027832 and -8.90857887268066
-8.82292366027832 and -8.90857887268066
-8.82292366027832 and -8.90857887268066
-8.82292366027832 and -8.90857887268066
-8.82292366027832 and -8.90857887268066
-8.82292366027832 and -8.90857887268066
-8.82292366027832 and -8.90857887268066
-8.82292366027832 and -8.90857887268066
-8.82292366027832 and -8.90857887268066
-8.82292366027832 and -8.90857887268066
-8.82292366027832 and -8.90857887268066
-8.82292366027832 and -8.90857887268066
-8.82292366027832 and -8.90857887268066
-8.82292366027832 and -8.90857887268066
-8.82292366027832 and -8.90857887268066
-8.82292366027832 and -8.90857887268066
-8.82292366027832 and -8.90857887268066
-8.82292366027832 and -8.90857887268066
-8.82292366027832 and -8.90857887268066
-8.82292366027832 and -8.90857887268066
-8.82292366027832 and -8.90857887268066
-8.82292366027832 and -8.90857887268066
-8.82292366027832 and -8.90857887268066
-8.82292366027832 and -8.90857887268066
-8.82292366027832 and -8.90857887268066
-8.82292366027832 and -8.90857887268066
-8.82292366027832 and -8.90857887268066
-8.82292366027832 and -8.90857887268066
-8.82292366027832 and -8.90857887268066
-8.82292366027832 and -8.90857887268066
-8.82292366027832 and -8.90857887268066
-8.82292366027832 and -8.90857887268066
-8.82292366027832 and -8.90857887268066
-8.82292366027832 and -8.90857887268066
-8.82292366027832 and -8.90857887268066
-8.82292366027832 and -8.90857887268066
-8.82292366027832 and -8.90857887268066
-8.82292366027832 and -8.90857887268066
-8.82292366027832 and -8.90857887268066
-8.82292366027832 and -8.90857887268066
-8.82292366027832 and -8.90857887268066
-8.82292366027832 and -8.90857887268066
-8.82292366027832 and -8.90857887268066
-8.82292366027832 and -8.90857887268066
-8.82292366027832 and -8.90857887268066
-8.82292366027832 and -8.90857887268066
-8.82292366027832 and -8.90857887268066
-8.82292366027832 and -8.90857887268066
-8.82292366027832 and -8.90857887268066
-8.82292366027832 and -8.90857887268066
-8.82292366027832 and -8.90857887268066
-8.82292366027832 and -8.90857887268066
-8.82292366027832 and -8.90857887268066
-8.82292366027832 and -8.90857887268066
-8.82292366027832 and -8.90857887268066
-8.82292366027832 and -8.90857887268066
-8.82292366027832 and -8.90857887268066
-8.82292366027832 and -8.90857887268066
-8.82292366027832 and -8.90857887268066
-8.82292366027832 and -8.90857887268066
-8.82292366027832 and -8.90857887268066
-8.82292366027832 and -8.90857887268066
-8.82292366027832 and -8.90857887268066
-8.82292366027832 and -8.90857887268066
-8.82292366027832 and -8.90857887268066
-8.82292366027832 and -8.90857887268066
-8.82292366027832 and -8.90857887268066
-8.82292366027832 and -8.90857887268066
-8.82292366027832 and -8.90857887268066
-8.82292366027832 and -8.90857887268066
-8.82292366027832 and -8.90857887268066
-8.82292366027832 and -8.90857887268066
-8.82292366027832 and -8.90857887268066
-8.82292366027832 and -8.90857887268066
-8.82292366027832 and -8.90857887268066
-8.82292366027832 and -8.90857887268066
-8.82292366027832 and -8.90857887268066
-8.82292366027832 and -8.90857887268066
-8.82292366027832 and -8.90857887268066
-8.82292366027832 and -8.90857887268066
-8.82292366027832 and -8.90857887268066
-8.82292366027832 and -8.90857887268066
-8.82292366027832 and -8.90857887268066
-8.82292366027832 and -8.90857887268066
-8.82292366027832 and -8.90857887268066
-8.82292366027832 and -8.90857887268066
-8.82292366027832 and -8.90857887268066
-8.82292366027832 and -8.90857887268066
-8.82292366027832 and -8.90857887268066
-8.82292366027832 and -8.90857887268066
-8.82292366027832 and -8.90857887268066
-8.82292366027832 and -8.90857887268066
-8.82292366027832 and -8.90857887268066
-8.82292366027832 and -8.90857887268066
-8.82292366027832 and -8.90857887268066
-8.82292366027832 and -8.90857887268066
-8.82292366027832 and -8.90857887268066
-8.82292366027832 and -8.90857887268066
-8.82292366027832 and -8.90857887268066
-8.82292366027832 and -8.90857887268066
-8.82292366027832 and -8.90857887268066
-8.82292366027832 and -8.90857887268066
-8.82292366027832 and -8.90857887268066
-8.82292366027832 and -8.90857887268066
-8.82292366027832 and -8.90857887268066
-8.82292366027832 and -8.90857887268066
-8.82292366027832 and -8.90857887268066
-8.82292366027832 and -8.90857887268066
-8.82292366027832 and -8.90857887268066
-8.82292366027832 and -8.90857887268066
-8.82292366027832 and -8.90857887268066
-8.82292366027832 and -8.90857887268066
-8.89725971221924 and -8.95332527160645
-8.88979530334473 and -8.94912338256836
-8.88979530334473 and -8.95203876495361
-8.87693214416504 and -8.94178295135498
-8.87130165100098 and -8.93848419189453
-8.8664436340332 and -8.93571281433105
-8.86196708679199 and -8.93310356140137
-8.86196708679199 and -8.93477630615234
-8.85429191589355 and -8.92859935760498
-8.85107803344727 and -8.92672824859619
-8.84840393066406 and -8.92525768280029
-8.84577751159668 and -8.92371082305908
-8.84577751159668 and -8.92467880249023
-8.8415412902832 and -8.921311378479
-8.83933448791504 and -8.91988372802734
-8.83933448791504 and -8.92058372497559
-8.83621597290039 and -8.91809368133545
-8.83621597290039 and -8.91865825653076
-8.8970832824707 and -8.95325374603271
-8.8895788192749 and -8.94900035858154
-8.8895788192749 and -8.95190620422363
-8.87675666809082 and -8.94168186187744
-8.87114334106445 and -8.93839263916016
-8.86620426177979 and -8.93553352355957
-8.8617582321167 and -8.93294811248779
-8.85776138305664 and -8.93061828613281
-8.85776138305664 and -8.9321117401123
-8.85094356536865 and -8.92663192749023
-8.84816074371338 and -8.925048828125
-8.84553909301758 and -8.92350292205811
-8.84317207336426 and -8.92210102081299
-8.84317207336426 and -8.92296695709229
-8.83906364440918 and -8.91963481903076
-8.83742332458496 and -8.91869258880615
-8.83588027954102 and -8.91777610778809
-8.83448886871338 and -8.91694736480713
-8.83448886871338 and -8.91745185852051
-8.83216762542725 and -8.9155855178833
-8.83111763000488 and -8.91494274139404
-8.83020401000977 and -8.91439628601074
-8.82938480377197 and -8.91390609741211
-8.82938480377197 and -8.91420269012451
-8.82800960540771 and -8.91309356689453
-8.82738780975342 and -8.91271209716797
-8.82684898376465 and -8.91238784790039
-8.82636642456055 and -8.91209983825684
-8.82636642456055 and -8.91227340698242
-8.82556438446045 and -8.91162872314453
-8.82520580291748 and -8.91141033172607
-8.82488822937012 and -8.91121959686279
-8.82460403442383 and -8.91104984283447
-8.82460403442383 and -8.91115188598633
-8.82411479949951 and -8.9107551574707
-8.82390975952148 and -8.9106330871582
-8.82372188568115 and -8.91052055358887
-8.82355403900146 and -8.91041946411133
-8.82355403900146 and -8.91048049926758
-8.82327365875244 and -8.91025447845459
-8.82314395904541 and -8.9101734161377
-8.82303428649902 and -8.91010761260986
-8.82293510437012 and -8.91004848480225
-8.82293510437012 and -8.91008377075195
-8.82276916503906 and -8.90995025634766
-8.82269191741943 and -8.90990161895752
-8.82262706756592 and -8.90986251831055
-8.82256889343262 and -8.90982818603516
-8.82256889343262 and -8.90984916687012
-8.82247066497803 and -8.90977001190186
-8.82242584228516 and -8.90974235534668
-8.8223876953125 and -8.90971946716309
-8.82235336303711 and -8.90969848632813
-8.82235336303711 and -8.90971088409424
-8.82229518890381 and -8.90966415405273
-8.82226848602295 and -8.90964794158936
-8.82224559783936 and -8.90963363647461
-8.82222557067871 and -8.90962219238281
-8.82222557067871 and -8.90962886810303
-8.82219123840332 and -8.90960121154785
-8.82217502593994 and -8.90959167480469
-8.82217502593994 and -8.90959644317627
-8.82217502593994 and -8.90960121154785
-8.82217502593994 and -8.90960597991943
8.71474838256836 and 8.65850257873535
8.70735359191895 and 8.64787769317627
8.70058822631836 and 8.63822555541992
8.70058822631836 and 8.63564395904541
8.68913078308105 and 8.62187671661377
8.68413543701172 and 8.6148157119751
8.67971801757813 and 8.60854911804199
8.67574787139893 and 8.6029224395752
8.67574787139893 and 8.60143947601318
8.66897201538086 and 8.59333419799805
8.66631603240967 and 8.58948612213135
8.66371536254883 and 8.58581638336182
8.66135692596436 and 8.58249950408936
8.66135692596436 and 8.58163928985596
8.65717506408691 and 8.57668590545654
8.65561008453369 and 8.57442760467529
8.65408039093018 and 8.57227516174316
8.6526927947998 and 8.57032871246338
8.6526927947998 and 8.56982707977295
8.65042209625244 and 8.56710529327393
8.64933490753174 and 8.56561279296875
8.64841842651367 and 8.56433200836182
8.64760780334473 and 8.56319999694824
8.64760780334473 and 8.56290531158447
8.64616298675537 and 8.56119632720947
8.64557361602783 and 8.56036853790283
8.64504241943359 and 8.55962371826172
8.64456367492676 and 8.55895233154297
8.64456367492676 and 8.5587797164917
8.64456367492676 and 8.55862426757813
8.64456367492676 and 8.55848407745361
8.64456367492676 and 8.55835819244385
8.64456367492676 and 8.5582447052002
8.64456367492676 and 8.55814266204834
8.64251804351807 and 8.55600547790527
8.64251804351807 and 8.55592250823975
8.64251804351807 and 8.55584907531738
8.64251804351807 and 8.55578231811523
8.64251804351807 and 8.5557222366333
8.64251804351807 and 8.55566787719727
8.64251804351807 and 8.55561923980713
8.64251804351807 and 8.55557537078857
8.64251804351807 and 8.5555362701416
8.64251804351807 and 8.55550098419189
8.64251804351807 and 8.55546855926514
8.64251804351807 and 8.55543994903564
8.64251804351807 and 8.5554141998291
8.71474838256836 and 8.77075862884521
8.70728492736816 and 8.760009765625
8.7004508972168 and 8.75020027160645
8.7004508972168 and 8.74750900268555
8.68887615203857 and 8.73350143432617
8.68382930755615 and 8.72625637054443
8.67949485778809 and 8.71993827819824
8.67547512054443 and 8.7141284942627
8.67547512054443 and 8.7125129699707
8.6685152053833 and 8.70409679412842
8.66567039489746 and 8.69993877410889
8.6630392074585 and 8.69612407684326
8.66066932678223 and 8.69268703460693
8.66066932678223 and 8.691725730896
8.65669822692871 and 8.6868896484375
8.6549186706543 and 8.68432998657227
8.65336608886719 and 8.68207454681396
8.65198802947998 and 8.68006420135498
8.65198802947998 and 8.67949485778809
8.64964294433594 and 8.67663669586182
8.64859485626221 and 8.67512702941895
8.64768028259277 and 8.67379665374756
8.64686012268066 and 8.6726016998291
8.64686012268066 and 8.67226505279541
8.64548683166504 and 8.67058753967285
8.64486122131348 and 8.6696891784668
8.64433765411377 and 8.66891956329346
8.64385414123535 and 8.66821479797363
8.64385414123535 and 8.6680154800415
8.64302825927734 and 8.66701030731201
8.64267539978027 and 8.66649627685547
8.64235877990723 and 8.66603374481201
8.6420726776123 and 8.66561698913574
8.6420726776123 and 8.66549968719482
8.64159393310547 and 8.66491508483887
8.64137744903564 and 8.6646032333374
8.64118957519531 and 8.66432952880859
8.64102172851563 and 8.66408443450928
8.64102172851563 and 8.66401481628418
8.64073848724365 and 8.66366863250732
8.64061069488525 and 8.66348457336426
8.64050006866455 and 8.66332340240479
8.64040088653564 and 8.66317844390869
8.64040088653564 and 8.66313743591309
8.64025211334229 and 8.66295146942139
8.64017295837402 and 8.66283893585205
8.64010715484619 and 8.66274356842041
8.64004898071289 and 8.66265869140625
8.64004898071289 and 8.66263389587402
8.63995170593262 and 8.66251468658447
8.63990497589111 and 8.66244888305664
8.63986587524414 and 8.66239166259766
8.63984489440918 and 8.66235542297363
8.63984489440918 and 8.66234016418457
8.71474647521973 and 8.66513442993164
8.71474647521973 and 8.66236019134521
8.70307350158691 and 8.64824962615967
8.69791030883789 and 8.64093208312988
8.69329833984375 and 8.63426303863525
8.68899345397949 and 8.62786388397217
8.68899345397949 and 8.62617015838623
8.68170166015625 and 8.61723804473877
8.67870998382568 and 8.61281299591064
8.67584133148193 and 8.60863590240479
8.67317676544189 and 8.60470485687256
8.67317676544189 and 8.60361003875732
8.66838455200195 and 8.59763717651367
8.66643905639648 and 8.59466361999512
8.66458320617676 and 8.59189033508301
8.66268634796143 and 8.58890056610107
8.66268634796143 and 8.58801078796387
8.65943336486816 and 8.58372688293457
8.65782833099365 and 8.58121681213379
8.65643215179443 and 8.57900238037109
8.65500926971436 and 8.57665824890137
8.65500926971436 and 8.57596874237061
8.6527099609375 and 8.57290935516357
8.65172290802002 and 8.57139873504639
8.6509370803833 and 8.57020282745361
8.650221824646 and 8.56910419464111
8.650221824646 and 8.56885051727295
8.64919662475586 and 8.56759262084961
8.64872550964355 and 8.56693267822266
8.64835834503174 and 8.56641960144043
8.64802932739258 and 8.56595993041992
8.64802932739258 and 8.56584167480469
8.64746570587158 and 8.56517219543457
8.64724349975586 and 8.56485462188721
8.6470308303833 and 8.56455612182617
8.64683723449707 and 8.56428527832031
8.64666366577148 and 8.56404209136963
8.64650630950928 and 8.56382274627686
8.64650630950928 and 8.56376647949219
8.64623355865479 and 8.56344318389893
8.6461238861084 and 8.56328773498535
8.64602184295654 and 8.56314468383789
8.64592838287354 and 8.56301498413086
8.64592838287354 and 8.56298160552979
8.64577674865723 and 8.56279945373535
8.64570426940918 and 8.56270027160645
8.64564323425293 and 8.56261539459229
8.64558792114258 and 8.56253814697266
8.64558792114258 and 8.56251907348633
8.64549827575684 and 8.56241130828857
8.64545440673828 and 8.56235122680664
8.64541912078857 and 8.56230163574219
8.64538764953613 and 8.56225776672363
8.64538764953613 and 8.56224632263184
8.6453332901001 and 8.56218147277832
8.64530849456787 and 8.56214714050293
8.64528656005859 and 8.5621166229248
8.64526748657227 and 8.56208992004395
8.64526748657227 and 8.56208324432373
8.64523601531982 and 8.56204605102539
8.64522171020508 and 8.56202602386475
8.64522171020508 and 8.56202125549316
8.64522171020508 and 8.56201648712158
8.64522171020508 and 8.56201267242432
8.71474456787109 and 8.76922035217285
8.70736789703369 and 8.75857639312744
8.70060539245605 and 8.74884128570557
8.70060539245605 and 8.74617671966553
8.68914794921875 and 8.7323112487793
8.6841516494751 and 8.72513961791992
8.67986869812012 and 8.71889209747314
8.67588901519775 and 8.7131404876709
8.67588901519775 and 8.71154117584229
8.66899108886719 and 8.70320129394531
8.66618156433105 and 8.69909191131592
8.66357612609863 and 8.69531440734863
8.66124439239502 and 8.69192695617676
8.66124439239502 and 8.6909761428833
8.657301902771 and 8.68617630004883
8.65553569793701 and 8.68363761901855
8.65399837493896 and 8.68140506744385
8.65263271331787 and 8.67941379547119
8.65263271331787 and 8.67884922027588
8.65031433105469 and 8.67602348327637
8.64927387237549 and 8.67452621459961
8.64836883544922 and 8.67320919036865
8.64755535125732 and 8.67202472686768
8.64755535125732 and 8.67169094085693
8.64623546600342 and 8.67003154754639
8.64563274383545 and 8.66915893554688
8.64509963989258 and 8.668381690979
8.64462184906006 and 8.66768550872803
8.64462184906006 and 8.66748809814453
8.6438045501709 and 8.66649341583252
8.64345455169678 and 8.66598415374756
8.64314079284668 and 8.66552639007568
8.64285755157471 and 8.66511344909668
8.64285755157471 and 8.66499710083008
8.64238452911377 and 8.66441917419434
8.64216995239258 and 8.66411018371582
8.64198398590088 and 8.66383934020996
8.64181709289551 and 8.66359615325928
8.64181709289551 and 8.6635274887085
8.64153861999512 and 8.66318702697754
8.64141082763672 and 8.66300296783447
8.64130210876465 and 8.66284465789795
8.64120388031006 and 8.66270160675049
8.64120388031006 and 8.66266059875488
8.64120388031006 and 8.66262435913086
8.64120388031006 and 8.66259098052979
8.71474742889404 and 8.65851020812988
8.71474742889404 and 8.65525722503662
8.70061492919922 and 8.63821697235107
8.69436931610107 and 8.62937164306641
8.68886566162109 and 8.62154197692871
8.68391704559326 and 8.61451244354248
8.68391704559326 and 8.61264991760254
8.67550277709961 and 8.60256767272949
8.67198371887207 and 8.59755516052246
8.66875171661377 and 8.59298419952393
8.66582870483398 and 8.58886051177979
8.66582870483398 and 8.58778381347656
8.66077613830566 and 8.58176612854004
8.65872478485107 and 8.57884883880615
8.65681743621826 and 8.57616329193115
8.6550989151001 and 8.5737476348877
8.6550989151001 and 8.5731201171875
8.65221786499023 and 8.56967639923096
8.6509313583374 and 8.56788444519043
8.64980602264404 and 8.56630516052246
8.64879322052002 and 8.56488418579102
8.64879322052002 and 8.5645170211792
8.64708805084229 and 8.56248188018799
8.64632987976074 and 8.56142711639404
8.64568138122559 and 8.56051254272461
8.64508628845215 and 8.55967807769775
8.64508628845215 and 8.55946254730225
8.64407348632813 and 8.55825519561768
8.64363384246826 and 8.55764198303223
8.64324283599854 and 8.55709362030029
8.64324283599854 and 8.55695247650146
8.64324283599854 and 8.55682563781738
8.64324283599854 and 8.55671215057373
8.64324283599854 and 8.55660915374756
8.71474838256836 and 8.76772785186768
8.71474838256836 and 8.76461887359619
8.70091438293457 and 8.747971534729
8.69478797912598 and 8.73926830291748
8.68938827514648 and 8.73152446746826
8.68451976776123 and 8.72455501556396
8.68451976776123 and 8.72263050079346
8.67622947692871 and 8.712646484375
8.67280864715576 and 8.7076997756958
8.66960430145264 and 8.70310878753662
8.66668796539307 and 8.6989574432373
8.66668796539307 and 8.69785976409912
8.66149616241455 and 8.69175434112549
8.65935325622559 and 8.68886280059814
8.65736103057861 and 8.68613719940186
8.65547180175781 and 8.68370628356934
8.65547180175781 and 8.68317604064941
8.65236854553223 and 8.67962837219238
8.65098094940186 and 8.67777824401855
8.64981651306152 and 8.6761531829834
8.64876842498779 and 8.67470264434814
8.64876842498779 and 8.6743278503418
8.6470308303833 and 8.67225551605225
8.6462459564209 and 8.67115020751953
8.64557456970215 and 8.6701831817627
8.64499187469482 and 8.66932773590088
8.64499187469482 and 8.66908264160156
8.6439847946167 and 8.66785430908203
8.64353561401367 and 8.66720676422119
8.64314270019531 and 8.66663455963135
8.64278984069824 and 8.6661205291748
8.64278984069824 and 8.66597557067871
8.64220428466797 and 8.66525936126709
8.64193058013916 and 8.66486740112305
8.64169788360596 and 8.66452980041504
8.64148998260498 and 8.66422653198242
8.64148998260498 and 8.66414070129395
8.64148998260498 and 8.66406345367432
8.64148998260498 and 8.66399383544922
8.64148998260498 and 8.66393184661865
8.64148998260498 and 8.66387557983398
8.64148998260498 and 8.6638240814209
8.64148998260498 and 8.66377925872803
8.64148998260498 and 8.66373825073242
8.64148998260498 and 8.66370105743408
8.64148998260498 and 8.66366767883301
8.64148998260498 and 8.6636381149292
8.64148998260498 and 8.66361141204834
8.64148998260498 and 8.66358661651611
8.64148998260498 and 8.66356468200684
8.64148998260498 and 8.66354560852051
8.64148998260498 and 8.6635274887085
8.64148998260498 and 8.66351222991943
8.64148998260498 and 8.66349792480469
8.64148998260498 and 8.66348457336426
8.64148998260498 and 8.66347312927246
8.64148998260498 and 8.66346263885498
8.64148998260498 and 8.66345310211182
8.64148998260498 and 8.66344451904297
8.64148998260498 and 8.66343688964844
8.64148998260498 and 8.66343021392822
8.64148998260498 and 8.66342449188232
8.64148998260498 and 8.66341876983643
8.64148998260498 and 8.66341400146484
8.64148998260498 and 8.66340923309326
8.64148998260498 and 8.663405418396
8.64148998260498 and 8.66340160369873
8.64148998260498 and 8.66339874267578
8.64148998260498 and 8.66339492797852
8.64148998260498 and 8.66339302062988
8.64148998260498 and 8.66339015960693
8.64148998260498 and 8.6633882522583
8.64148998260498 and 8.66338634490967
8.64148998260498 and 8.66338443756104
8.64148998260498 and 8.6633825302124
8.64148998260498 and 8.66338157653809
8.64148998260498 and 8.66338062286377
8.64148998260498 and 8.66337871551514
8.64148998260498 and 8.66337776184082
8.64148998260498 and 8.6633768081665
8.64148998260498 and 8.66337585449219
8.64148998260498 and 8.66337585449219
8.64148998260498 and 8.66337490081787
8.64148998260498 and 8.66337394714355
8.64148998260498 and 8.66337394714355
8.64148998260498 and 8.66337299346924
8.64148998260498 and 8.66337299346924
8.64148998260498 and 8.66337203979492
8.64148998260498 and 8.66337203979492
8.64148998260498 and 8.66337203979492
8.64148998260498 and 8.66337108612061
8.64148998260498 and 8.66337108612061
8.64148998260498 and 8.66337108612061
8.64148998260498 and 8.66337108612061
8.64148998260498 and 8.66337013244629
8.64148998260498 and 8.66337013244629
8.64148998260498 and 8.66337013244629
8.64148998260498 and 8.66337013244629
8.64148998260498 and 8.66337013244629
8.64148998260498 and 8.66337013244629
8.64148998260498 and 8.66337013244629
8.64148998260498 and 8.66337013244629
8.64148998260498 and 8.66336917877197
8.64148998260498 and 8.66336917877197
8.64148998260498 and 8.66336917877197
8.64148998260498 and 8.66336917877197
8.64148998260498 and 8.66336917877197
8.64148998260498 and 8.66336917877197
8.64148998260498 and 8.66336917877197
8.64148998260498 and 8.66336917877197
8.64148998260498 and 8.66336917877197
8.64148998260498 and 8.66336917877197
8.64148998260498 and 8.66336917877197
8.64148998260498 and 8.66336917877197
8.64148998260498 and 8.66336917877197
8.64148998260498 and 8.66336917877197
8.64148998260498 and 8.66336917877197
8.64148998260498 and 8.66336917877197
8.64148998260498 and 8.66336917877197
8.64148998260498 and 8.66336917877197
8.64148998260498 and 8.66336917877197
8.64148998260498 and 8.66336917877197
8.64148998260498 and 8.66336917877197
8.64148998260498 and 8.66336917877197
8.64148998260498 and 8.66336917877197
8.64148998260498 and 8.66336917877197
8.64148998260498 and 8.66336917877197
8.64148998260498 and 8.66336917877197
8.64148998260498 and 8.66336917877197
8.64148998260498 and 8.66336917877197
8.64148998260498 and 8.66336917877197
8.64148998260498 and 8.66336917877197
8.64148998260498 and 8.66336917877197
8.64148998260498 and 8.66336917877197
8.64148998260498 and 8.66336917877197
8.64148998260498 and 8.66336917877197
8.64148998260498 and 8.66336917877197
8.64148998260498 and 8.66336917877197
8.64148998260498 and 8.66336917877197
8.64148998260498 and 8.66336917877197
8.64148998260498 and 8.66336917877197
8.64148998260498 and 8.66336917877197
8.64148998260498 and 8.66336917877197
8.64148998260498 and 8.66336917877197
8.64148998260498 and 8.66336917877197
8.64148998260498 and 8.66336917877197
8.64148998260498 and 8.66336917877197
8.64148998260498 and 8.66336917877197
8.64148998260498 and 8.66336917877197
8.64148998260498 and 8.66336917877197
8.64148998260498 and 8.66336917877197
8.64148998260498 and 8.66336917877197
8.64148998260498 and 8.66336917877197
8.64148998260498 and 8.66336917877197
8.64148998260498 and 8.66336917877197
8.64148998260498 and 8.66336917877197
8.64148998260498 and 8.66336917877197
8.64148998260498 and 8.66336917877197
8.64148998260498 and 8.66336917877197
8.64148998260498 and 8.66336917877197
8.64148998260498 and 8.66336917877197
8.64148998260498 and 8.66336917877197
8.64148998260498 and 8.66336917877197
8.64148998260498 and 8.66336917877197
8.64148998260498 and 8.66336917877197
8.64148998260498 and 8.66336917877197
8.64148998260498 and 8.66336917877197
8.64148998260498 and 8.66336917877197
8.64148998260498 and 8.66336917877197
8.64148998260498 and 8.66336917877197
8.64148998260498 and 8.66336917877197
8.64148998260498 and 8.66336917877197
8.64148998260498 and 8.66336917877197
8.64148998260498 and 8.66336917877197
8.64148998260498 and 8.66336917877197
8.64148998260498 and 8.66336917877197
8.64148998260498 and 8.66336917877197
8.64148998260498 and 8.66336917877197
8.64148998260498 and 8.66336917877197
8.64148998260498 and 8.66336917877197
8.64148998260498 and 8.66336917877197
8.64148998260498 and 8.66336917877197
8.64148998260498 and 8.66336917877197
8.64148998260498 and 8.66336917877197
8.64148998260498 and 8.66336917877197
8.64148998260498 and 8.66336917877197
8.64148998260498 and 8.66336917877197
8.64148998260498 and 8.66336917877197
8.64148998260498 and 8.66336917877197
8.64148998260498 and 8.66336917877197
8.64148998260498 and 8.66336917877197
8.64148998260498 and 8.66336917877197
8.64148998260498 and 8.66336917877197
8.64148998260498 and 8.66336917877197
8.64148998260498 and 8.66336917877197
8.64148998260498 and 8.66336917877197
8.64148998260498 and 8.66336917877197
8.64148998260498 and 8.66336917877197
8.64148998260498 and 8.66336917877197
8.64148998260498 and 8.66336917877197
8.64148998260498 and 8.66336917877197
8.64148998260498 and 8.66336917877197
8.64148998260498 and 8.66336917877197
8.64148998260498 and 8.66336917877197
8.64148998260498 and 8.66336917877197
8.64148998260498 and 8.66336917877197
8.64148998260498 and 8.66336917877197
8.64148998260498 and 8.66336917877197
8.64148998260498 and 8.66336917877197
8.64148998260498 and 8.66336917877197
8.64148998260498 and 8.66336917877197
8.64148998260498 and 8.66336917877197
8.64148998260498 and 8.66336917877197
8.64148998260498 and 8.66336917877197
8.64148998260498 and 8.66336917877197
8.64148998260498 and 8.66336917877197
8.64148998260498 and 8.66336917877197
8.64148998260498 and 8.66336917877197
8.64148998260498 and 8.66336917877197
8.64148998260498 and 8.66336917877197
8.64148998260498 and 8.66336917877197
8.64148998260498 and 8.66336917877197
8.64148998260498 and 8.66336917877197
8.64148998260498 and 8.66336917877197
8.64148998260498 and 8.66336917877197
8.64148998260498 and 8.66336917877197
8.64148998260498 and 8.66336917877197
8.64148998260498 and 8.66336917877197
8.64148998260498 and 8.66336917877197
8.64148998260498 and 8.66336917877197
8.64148998260498 and 8.66336917877197
8.64148998260498 and 8.66336917877197
8.64148998260498 and 8.66336917877197
8.64148998260498 and 8.66336917877197
8.64148998260498 and 8.66336917877197
8.64148998260498 and 8.66336917877197
8.64148998260498 and 8.66336917877197
8.64148998260498 and 8.66336917877197
8.64148998260498 and 8.66336917877197
8.64148998260498 and 8.66336917877197
8.64148998260498 and 8.66336917877197
8.64148998260498 and 8.66336917877197
8.64148998260498 and 8.66336917877197
8.64148998260498 and 8.66336917877197
8.64148998260498 and 8.66336917877197
8.64148998260498 and 8.66336917877197
8.64148998260498 and 8.66336917877197
8.64148998260498 and 8.66336917877197
8.64148998260498 and 8.66336917877197
8.64148998260498 and 8.66336917877197
8.64148998260498 and 8.66336917877197
8.64148998260498 and 8.66336917877197
8.64148998260498 and 8.66336917877197
8.64148998260498 and 8.66336917877197
8.64148998260498 and 8.66336917877197
8.64148998260498 and 8.66336917877197
8.64148998260498 and 8.66336917877197
8.64148998260498 and 8.66336917877197
8.64148998260498 and 8.66336917877197
8.64148998260498 and 8.66336917877197
8.64148998260498 and 8.66336917877197
8.64148998260498 and 8.66336917877197
8.64148998260498 and 8.66336917877197
8.64148998260498 and 8.66334629058838
8.64148998260498 and 8.66334629058838
8.64148998260498 and 8.66334629058838
8.64148998260498 and 8.66333866119385
8.64148998260498 and 8.66333866119385
8.64148998260498 and 8.66333866119385
8.64148998260498 and 8.66335391998291
8.64148998260498 and 8.66336154937744
8.64148998260498 and 8.6633768081665
8.64148998260498 and 8.66339874267578
8.64148998260498 and 8.66342830657959
8.71462440490723 and 8.77076435089111
8.70711994171143 and 8.7600154876709
8.70711994171143 and 8.75707817077637
8.69441699981689 and 8.74171829223633
8.68893814086914 and 8.73383808135986
8.68402862548828 and 8.72675895690918
8.67961692810059 and 8.72038841247559
8.67961692810059 and 8.71862125396729
8.67206192016602 and 8.70947170257568
8.66888332366943 and 8.70485496520996
8.66599559783936 and 8.70067119598389
8.66340065002441 and 8.69690799713135
8.66340065002441 and 8.69585514068604
8.65900707244873 and 8.69051265716553
8.65709590911865 and 8.68774700164795
8.65539836883545 and 8.68527984619141
8.65388679504395 and 8.68307495117188
8.65388679504395 and 8.68245029449463
8.65128421783447 and 8.67928504943848
8.65016841888428 and 8.67766380310059
8.64916801452637 and 8.67620658874512
8.64826965332031 and 8.67489814758301
8.64826965332031 and 8.67452907562256
8.64675331115723 and 8.67267990112305
8.64609527587891 and 8.67172241210938
8.64550685882568 and 8.67086410522461
8.64497661590576 and 8.670090675354
8.64497661590576 and 8.66987228393555
8.64406681060791 and 8.66876602172852
8.64368534088135 and 8.6682071685791
8.64333820343018 and 8.66770076751709
8.71475028991699 and 8.77099227905273
8.70735836029053 and 8.76034832000732
8.70059490203857 and 8.75064086914063
8.70059490203857 and 8.7479772567749
8.68914031982422 and 8.73411560058594
8.6841459274292 and 8.7269458770752
8.67986392974854 and 8.72070026397705
8.67588520050049 and 8.71494960784912
8.67588520050049 and 8.71335124969482
8.66899013519287 and 8.7050142288208
8.66618156433105 and 8.70090675354004
8.66357612609863 and 8.69712924957275
8.66124439239502 and 8.69374179840088
8.66124439239502 and 8.69279098510742
8.65730285644531 and 8.68799304962158
8.65560722351074 and 8.68552494049072
8.65406799316406 and 8.6832914352417
8.65268325805664 and 8.6812801361084
8.65268325805664 and 8.6807165145874
8.65039539337158 and 8.67792129516602
8.64931488037109 and 8.67638301849365
8.64841556549072 and 8.67507266998291
8.64760112762451 and 8.67388725280762
8.64760112762451 and 8.67355442047119
8.64624786376953 and 8.67190074920654
8.64561653137207 and 8.67099857330322
8.64507865905762 and 8.67021751403809
8.64459896087646 and 8.66951847076416
8.64459896087646 and 8.66932201385498
8.64380741119385 and 8.6683521270752
8.64344120025635 and 8.66782665252686
8.64312553405762 and 8.66736698150635
8.64284133911133 and 8.66695308685303
8.64284133911133 and 8.66683673858643
8.64236259460449 and 8.66625308990479
8.64215087890625 and 8.66594696044922
8.64196491241455 and 8.66567611694336
8.64179706573486 and 8.66543197631836
8.64179706573486 and 8.66536331176758
8.64152050018311 and 8.66502475738525
8.64138889312744 and 8.66483783721924
8.64127826690674 and 8.66467666625977
8.64118003845215 and 8.6645336151123
8.64118003845215 and 8.6644926071167
8.64101696014404 and 8.66429328918457
8.64093971252441 and 8.66418266296387
8.6408748626709 and 8.66408824920654
8.64081573486328 and 8.66400241851807
8.64081573486328 and 8.66397857666016
8.64072036743164 and 8.66386127471924
8.64067459106445 and 8.66379642486572
8.64063549041748 and 8.66373920440674
8.64060115814209 and 8.66368961334229
8.64060115814209 and 8.66367530822754
8.64054489135742 and 8.66360664367676
8.64051723480225 and 8.66356754302979
8.64049434661865 and 8.66353416442871
8.64047431945801 and 8.6635046005249
8.64047431945801 and 8.66349601745605
8.64044094085693 and 8.66345500946045
8.64042568206787 and 8.66343307495117
8.64041233062744 and 8.66341400146484
8.64039993286133 and 8.66339588165283
8.64039993286133 and 8.66339111328125
8.64037990570068 and 8.66336631774902
8.64037036895752 and 8.66335296630859
8.64036178588867 and 8.66334056854248
8.64035415649414 and 8.663330078125
8.64035415649414 and 8.66332721710205
8.64034366607666 and 8.66331386566162
8.64033699035645 and 8.66330528259277
8.64033317565918 and 8.66329860687256
8.6403284072876 and 8.66329193115234
8.6403284072876 and 8.66329097747803
8.64032173156738 and 8.66328239440918
8.64031887054443 and 8.6632776260376
8.64031600952148 and 8.66327381134033
8.64031314849854 and 8.66326999664307
8.64031314849854 and 8.66326904296875
8.64030933380127 and 8.66326427459717
8.64030742645264 and 8.66326141357422
8.640305519104 and 8.66325855255127
8.64030456542969 and 8.66325759887695
8.64030456542969 and 8.66325664520264
8.64030170440674 and 8.66325283050537
8.64030075073242 and 8.66325187683105
8.64029979705811 and 8.66324996948242
8.64029884338379 and 8.66324901580811
8.64029884338379 and 8.66324901580811
8.64029693603516 and 8.66324615478516
8.64029693603516 and 8.66324615478516
8.64029598236084 and 8.66324520111084
8.64029598236084 and 8.66324424743652
8.64029598236084 and 8.66324424743652
8.64029502868652 and 8.66324329376221
8.64028453826904 and 8.66323280334473
8.64028453826904 and 8.66323280334473
8.64028453826904 and 8.66323280334473
8.64028453826904 and 8.66323184967041
8.64028358459473 and 8.66323089599609
8.64028358459473 and 8.66323089599609
8.64030170440674 and 8.66324901580811
8.64030456542969 and 8.66325187683105
8.64030456542969 and 8.66325187683105
8.64030361175537 and 8.66325092315674
8.64030361175537 and 8.66325092315674
8.64030361175537 and 8.66325092315674
8.64030361175537 and 8.66325092315674
8.64030361175537 and 8.66325092315674
8.64030361175537 and 8.66325092315674
8.64030361175537 and 8.66325092315674
8.64030361175537 and 8.66325092315674
8.64030361175537 and 8.66325092315674
8.64030361175537 and 8.66324996948242
8.64030265808105 and 8.66324901580811
8.64030265808105 and 8.66324901580811
8.64030265808105 and 8.66324901580811
8.64030265808105 and 8.66324901580811
8.64030265808105 and 8.66324901580811
8.64030265808105 and 8.66324901580811
8.64030265808105 and 8.66324901580811
8.64037322998047 and 8.66331958770752
8.64031982421875 and 8.6632661819458
8.64031982421875 and 8.6632661819458
8.64033603668213 and 8.66328239440918
8.64030742645264 and 8.66325378417969
8.64038848876953 and 8.66333484649658
8.64031410217285 and 8.6632604598999
8.64031410217285 and 8.6632604598999
8.64030456542969 and 8.66325092315674
8.64030361175537 and 8.66324996948242
8.64034175872803 and 8.66328811645508
8.64039325714111 and 8.66333961486816
8.64039325714111 and 8.66333961486816
8.64031410217285 and 8.6632604598999
8.64030456542969 and 8.66325092315674
8.64030361175537 and 8.66324996948242
8.64030265808105 and 8.66324901580811
8.64030265808105 and 8.66324901580811
8.64030265808105 and 8.66324901580811
8.64030265808105 and 8.66324901580811
8.64030265808105 and 8.66324901580811
8.64030265808105 and 8.66324901580811
8.64030265808105 and 8.66324901580811
8.64030265808105 and 8.66324901580811
8.64030265808105 and 8.66324901580811
8.64030265808105 and 8.66324901580811
8.64030265808105 and 8.66324901580811
8.64030265808105 and 8.66324901580811
8.64030265808105 and 8.66324901580811
8.64030265808105 and 8.66324901580811
8.64030265808105 and 8.66324901580811
8.64030265808105 and 8.66324901580811
8.64030265808105 and 8.66324901580811
8.64030265808105 and 8.66324901580811
8.64030265808105 and 8.66324901580811
8.64030265808105 and 8.66324901580811
8.64030265808105 and 8.66324901580811
8.64030265808105 and 8.66324901580811
8.64030265808105 and 8.66324901580811
8.64030265808105 and 8.66324901580811
8.64030265808105 and 8.66324901580811
8.64030265808105 and 8.66324901580811
8.64030265808105 and 8.66324901580811
8.64030265808105 and 8.66324901580811
8.64030265808105 and 8.66324901580811
8.64030265808105 and 8.66324901580811
8.71475219726563 and 8.65849208831787
8.70734977722168 and 8.64785957336426
8.70058059692383 and 8.63820457458496
8.70058059692383 and 8.6356258392334
8.68912506103516 and 8.62186336517334
8.68412685394287 and 8.61479759216309
8.67970848083496 and 8.60852909088135
8.67573642730713 and 8.60290050506592
8.67573642730713 and 8.60141658782959
8.66895866394043 and 8.5933084487915
8.66630840301514 and 8.5894660949707
8.66370677947998 and 8.58579540252686
8.66134738922119 and 8.58247661590576
8.66134738922119 and 8.58161640167236
8.65715599060059 and 8.57665252685547
8.65559387207031 and 8.57439708709717
8.6540641784668 and 8.57224464416504
8.65267562866211 and 8.57029724121094
8.65267562866211 and 8.56979465484619
8.65040683746338 and 8.5670747756958
8.64931678771973 and 8.56557941436768
8.64839839935303 and 8.56429672241211
8.64757919311523 and 8.56315040588379
8.64757919311523 and 8.56285572052002
8.64623546600342 and 8.56124687194824
8.64558887481689 and 8.56036281585693
8.64504909515381 and 8.55960845947266
8.64458084106445 and 8.55894756317139
8.64458084106445 and 8.55877494812012
8.64378356933594 and 8.55782127380371
8.64340877532959 and 8.55730724334717
8.64309024810791 and 8.55686187744141
8.6428050994873 and 8.55646419525146
8.6428050994873 and 8.55636215209961
8.64234352111816 and 8.55580902099609
8.64211273193359 and 8.555495262146
8.64192485809326 and 8.55523300170898
8.64175701141357 and 8.55499839782715
8.64175701141357 and 8.55493831634521
8.64148330688477 and 8.55461025238037
8.64134788513184 and 8.5544261932373
8.64123630523682 and 8.55427074432373
8.64113712310791 and 8.55413246154785
8.64113712310791 and 8.55409717559814
8.64097690582275 and 8.55390453338623
8.64089679718018 and 8.55379581451416
8.64083003997803 and 8.55370330810547
8.64077186584473 and 8.55362224578857
8.64077186584473 and 8.55360698699951
8.64087581634521 and 8.55382061004639
8.64126968383789 and 8.5544958114624
8.64199066162109 and 8.5558032989502
8.64283847808838 and 8.55736446380615
8.64283847808838 and 8.55811405181885
8.64527130126953 and 8.56206607818604
8.64677619934082 and 8.56504344940186
8.64957904815674 and 8.57066440582275
8.6530933380127 and 8.57779407501221
8.6530933380127 and 8.58123683929443
-8.8972635269165 and -8.84286689758301
-8.8898754119873 and -8.83222007751465
-8.88310432434082 and -8.82251739501953
-8.87701511383057 and -8.8137845993042
-8.87701511383057 and -8.81139755249023
-8.86666679382324 and -8.79894924163818
-8.86217212677002 and -8.79258632659912
-8.85819530487061 and -8.78695106506348
-8.8546142578125 and -8.78186798095703
-8.8546142578125 and -8.78051948547363
-8.84850215911865 and -8.77321338653564
-8.84619808197021 and -8.76983833312988
-8.84386539459229 and -8.76654434204102
-8.84173965454102 and -8.76355743408203
-8.84173965454102 and -8.76278305053711
-8.89723491668701 and -8.84157466888428
-8.88970470428467 and -8.83064937591553
-8.88287830352783 and -8.82078838348389
-8.88287830352783 and -8.81810855865479
-8.87132167816162 and -8.80418300628662
-8.86627960205078 and -8.79703044891357
-8.86182594299316 and -8.79070091247559
-8.85782432556152 and -8.78502464294434
-8.85782432556152 and -8.78352832794189
-8.85099506378174 and -8.77535820007324
-8.8482608795166 and -8.77142238616943
-8.84563446044922 and -8.76771831512451
-8.84327793121338 and -8.76439476013184
-8.84327793121338 and -8.76352691650391
-8.83909130096436 and -8.7585620880127
-8.83748340606689 and -8.75625038146973
-8.83595752716064 and -8.75409698486328
-8.83456134796143 and -8.75213718414307
-8.83456134796143 and -8.75163078308105
-8.83225631713867 and -8.74887084960938
-8.8971586227417 and -8.95323944091797
-8.88968372344971 and -8.94893074035645
-8.88286590576172 and -8.94481372833252
-8.88286590576172 and -8.9471263885498
-8.87138366699219 and -8.93775081634521
-8.86649990081787 and -8.93460273742676
-8.8621244430542 and -8.93188190460205
-8.85822296142578 and -8.92940711975098
-8.85822296142578 and -8.93082427978516
-8.85142517089844 and -8.92533779144287
-8.84877109527588 and -8.92385673522949
-8.84617519378662 and -8.92232799530029
-8.84382057189941 and -8.92093086242676
-8.84382057189941 and -8.92179012298584
-8.83964061737061 and -8.91838073730469
-8.8380823135376 and -8.91751480102539
-8.83655452728271 and -8.91660785675049
-8.83516979217529 and -8.91578102111816
-8.83516979217529 and -8.91628265380859
-8.83290195465088 and -8.91446495056152
-8.83192920684814 and -8.91389751434326
-8.83092880249023 and -8.9132604598999
-8.83010292053223 and -8.91276168823242
-8.83010292053223 and -8.91305541992188
-8.82877445220947 and -8.91199111938477
-8.82810306549072 and -8.9115571975708
-8.82757568359375 and -8.91124439239502
-8.82709503173828 and -8.91095542907715
-8.82709503173828 and -8.91112804412842
-8.82632827758789 and -8.9105167388916
-8.82595920562744 and -8.91028785705566
-8.8256721496582 and -8.91012668609619
-8.8253116607666 and -8.90987873077393
-8.8253116607666 and -8.90998077392578
-8.82484340667725 and -8.9096040725708
-8.82462978363037 and -8.90947246551514
-8.82444286346436 and -8.9093599319458
-8.82427597045898 and -8.90925979614258
-8.82427597045898 and -8.90931987762451
-8.82400226593018 and -8.90910053253174
-8.82386779785156 and -8.90901470184326
-8.82430839538574 and -8.90949821472168
-8.82369232177734 and -8.90892219543457
-8.82369232177734 and -8.90895748138428
-8.82349967956543 and -8.9087963104248
-8.82341766357422 and -8.90874290466309
-8.82335186004639 and -8.9087028503418
-8.82329273223877 and -8.90866756439209
-8.82329273223877 and -8.90868854522705
-8.82319831848145 and -8.90861225128174
-8.82315158843994 and -8.90858268737793
-8.82311248779297 and -8.90855884552002
-8.82307815551758 and -8.90853786468506
-8.82307815551758 and -8.90855026245117
-8.82302188873291 and -8.9085054397583
-8.82299423217773 and -8.90848731994629
-8.82297134399414 and -8.90847396850586
-8.8229513168335 and -8.90846157073975
-8.8229513168335 and -8.90846920013428
-8.82291793823242 and -8.90844249725342
-8.82290172576904 and -8.90843200683594
-8.8228874206543 and -8.90842342376709
-8.8228759765625 and -8.90841674804688
-8.8228759765625 and -8.90842056274414
-8.82285594940186 and -8.90840435028076
-8.82284641265869 and -8.90839862823486
-8.82283878326416 and -8.90839385986328
-8.82283210754395 and -8.90839004516602
-8.82283210754395 and -8.90839290618896
8.71475410461426 and 8.65857601165771
8.70741748809814 and 8.64811038970947
8.70741748809814 and 8.64532852172852
8.69488143920898 and 8.63031768798828
8.68947124481201 and 8.62275791168213
8.68470668792725 and 8.61604976654053
8.68046379089355 and 8.6101131439209
8.68046379089355 and 8.60860061645508
8.67327213287354 and 8.60005187988281
8.67019748687744 and 8.59575080871582
8.6676721572876 and 8.59210872650146
8.6652135848999 and 8.5886869430542
8.6652135848999 and 8.58783435821533
8.66079330444336 and 8.58262920379639
8.65918731689453 and 8.58032512664795
8.65755081176758 and 8.57803535461426
8.65607070922852 and 8.57595252990723
8.65607070922852 and 8.57541179656982
8.65363121032715 and 8.57248687744141
8.65243816375732 and 8.57085704803467
8.65146064758301 and 8.56948661804199
8.65057945251465 and 8.56825351715088
8.65057945251465 and 8.56793689727783
8.64914417266846 and 8.56621646881104
8.64843940734863 and 8.5652551651001
8.64785480499268 and 8.56444072723389
8.64733600616455 and 8.5637149810791
8.64733600616455 and 8.56352806091309
8.64649677276611 and 8.56252193450928
8.64607429504395 and 8.56194877624512
8.64572906494141 and 8.56146812438965
8.64543437957764 and 8.56105136871338
8.64543437957764 and 8.56094169616699
8.64492893218994 and 8.56033802032471
8.64469051361084 and 8.56000995635986
8.64448738098145 and 8.55972766876221
8.71475505828857 and 8.65848731994629
8.71475505828857 and 8.65524578094482
8.70067501068115 and 8.63826942443848
8.6944522857666 and 8.62945652008057
8.68897151947021 and 8.62165927886963
8.68404293060303 and 8.61465835571289
8.68404293060303 and 8.61280250549316
8.67566108703613 and 8.60275936126709
8.67204189300537 and 8.59765243530273
8.66881561279297 and 8.59309196472168
8.66615962982178 and 8.58924007415771
8.66615962982178 and 8.58816814422607
8.66098594665527 and 8.58203315734863
8.65905570983887 and 8.57923984527588
8.65715885162354 and 8.57656860351563
8.65543842315674 and 8.57415294647217
8.65543842315674 and 8.57352828979492
8.65238475799561 and 8.56991386413574
8.6512508392334 and 8.56827640533447
8.6501350402832 and 8.56670761108398
8.64912223815918 and 8.56528854370117
8.64912223815918 and 8.56492328643799
8.64745903015137 and 8.56293106079102
8.6466588973999 and 8.56183624267578
8.64598846435547 and 8.56089973449707
8.64539051055908 and 8.56006336212158
8.64539051055908 and 8.55984878540039
8.6887731552124 and 8.62138557434082
8.68388175964355 and 8.61442947387695
8.68388175964355 and 8.61258125305176
8.67552947998047 and 8.60257339477539
8.67192554473877 and 8.597487449646
8.66871070861816 and 8.59294319152832
8.66604900360107 and 8.58909034729004
8.66604900360107 and 8.58802223205566
8.66090869903564 and 8.58192443847656
8.65897369384766 and 8.57912921905518
8.65708446502686 and 8.5764684677124
8.65523338317871 and 8.57392501831055
8.65523338317871 and 8.57330322265625
8.65234279632568 and 8.56985378265381
8.65108871459961 and 8.5680980682373
8.64997673034668 and 8.56653499603271
8.64900207519531 and 8.56515502929688
8.64900207519531 and 8.56479072570801
8.64728450775146 and 8.56274604797363
8.64656257629395 and 8.56173038482666
8.64590835571289 and 8.56081104278564
8.64531898498535 and 8.55998420715332
8.64478778839111 and 8.55923938751221
8.64478778839111 and 8.55904674530029
8.64388942718506 and 8.55797576904297
8.64349460601807 and 8.55742454528809
8.64314651489258 and 8.5569372177124
8.64283275604248 and 8.55649757385254
8.64283275604248 and 8.55638408660889
8.64230346679688 and 8.55575275421143
8.64206981658936 and 8.55542755126953
8.64186477661133 and 8.55514049530029
8.64167976379395 and 8.55488109588623
8.64151287078857 and 8.55464744567871
8.64151287078857 and 8.55458736419678
8.64123249053955 and 8.55425262451172
8.6411075592041 and 8.55407905578613
8.64099884033203 and 8.55392646789551
8.64090156555176 and 8.55379009246826
8.64090156555176 and 8.55375480651855
8.64073467254639 and 8.55355548858643
8.64066219329834 and 8.55345439910889
8.64059829711914 and 8.55336475372314
8.64054012298584 and 8.55328369140625
8.64054012298584 and 8.55326271057129
8.64044189453125 and 8.55314540863037
8.64039897918701 and 8.55308532714844
8.64035987854004 and 8.5530309677124
8.64032554626465 and 8.55298328399658
8.64032554626465 and 8.55297088623047
8.64026927947998 and 8.552903175354
8.64024257659912 and 8.55286693572998
8.64021968841553 and 8.55283546447754
8.64019966125488 and 8.55280685424805
8.64019966125488 and 8.55279922485352
8.64016532897949 and 8.55275917053223
8.64015102386475 and 8.55273818969727
8.64015102386475 and 8.55273342132568
8.64015102386475 and 8.5527286529541
8.64015102386475 and 8.55272388458252
8.71475219726563 and 8.77102088928223
8.70733451843262 and 8.76033878326416
8.70733451843262 and 8.75738430023193
8.69455146789551 and 8.74192714691162
8.68896198272705 and 8.73392105102539
8.68403339385986 and 8.72680950164795
8.67959976196289 and 8.72040462493896
8.67959976196289 and 8.71862602233887
8.67205333709717 and 8.70947551727295
8.66897583007813 and 8.70495128631592
8.66606903076172 and 8.70073986053467
8.6634464263916 and 8.69694137573242
8.6634464263916 and 8.69588184356689
8.65886878967285 and 8.69034957885742
8.65707683563232 and 8.6876974105835
8.65536880493164 and 8.68521499633789
8.6538257598877 and 8.68297386169434
8.6538257598877 and 8.68234539031982
8.65125751495361 and 8.67921161651611
8.65007209777832 and 8.67751598358154
8.64906978607178 and 8.67605495452881
8.64816188812256 and 8.67473411560059
8.64816188812256 and 8.67436218261719
8.64665126800537 and 8.67251682281494
8.64595031738281 and 8.6715145111084
8.64535236358643 and 8.67064571380615
8.64486312866211 and 8.66991138458252
8.64486312866211 and 8.66969203948975
8.71475505828857 and 8.77097988128662
8.70735931396484 and 8.76035308837891
8.70058345794678 and 8.75063419342041
8.69449901580811 and 8.74188327789307
8.69449901580811 and 8.73947238922119
8.68418121337891 and 8.72697734832764
8.67969608306885 and 8.72052669525146
8.67588806152344 and 8.71494483947754
8.67230033874512 and 8.70975685119629
8.67230033874512 and 8.70831394195557
8.66605091094971 and 8.70076370239258
8.66355133056641 and 8.6970911026001
8.66119956970215 and 8.69368076324463
8.65910053253174 and 8.69062900543213
8.65910053253174 and 8.68977165222168
8.65556335449219 and 8.68546199798584
8.65395450592041 and 8.68315696716309
8.65258312225342 and 8.68115901947021
8.65133953094482 and 8.67935085296631
8.65133953094482 and 8.67884254455566
8.64925861358643 and 8.67630386352539
8.64831066131592 and 8.6749439239502
8.64749431610107 and 8.67375659942627
8.64676094055176 and 8.67268943786621
8.64676094055176 and 8.67238807678223
8.64554214477539 and 8.67089939117432
8.64499187469482 and 8.67010498046875
8.64451122283936 and 8.66940498352051
8.64407920837402 and 8.66877555847168
8.64407920837402 and 8.66859817504883
8.64334392547607 and 8.66770267486572
8.64302539825439 and 8.66724014282227
8.64274215698242 and 8.66682720184326
8.64248752593994 and 8.66645622253418
8.64248752593994 and 8.66635131835938
8.64206314086914 and 8.66583251953125
8.64186668395996 and 8.66555023193359
8.64169883728027 and 8.66530609130859
8.64154815673828 and 8.66508674621582
8.64154815673828 and 8.66502475738525
8.64129734039307 and 8.66471767425537
8.64118194580078 and 8.66455268859863
8.64108276367188 and 8.66440773010254
8.64099407196045 and 8.66427898406982
8.64099407196045 and 8.66424179077148
8.64085865020752 and 8.6640739440918
8.64078903198242 and 8.66397380828857
8.64073085784912 and 8.66388893127441
8.6406774520874 and 8.66381168365479
8.6406774520874 and 8.66379070281982
8.64059162139893 and 8.6636848449707
8.64055061340332 and 8.6636266708374
8.64051532745361 and 8.66357517242432
8.64048385620117 and 8.66352939605713
8.64048385620117 and 8.66351699829102
8.6404333114624 and 8.66345500946045
8.64040851593018 and 8.66341972351074
8.64038753509521 and 8.66338920593262
8.6403694152832 and 8.66336345672607
8.6403694152832 and 8.66335582733154
8.64033889770508 and 8.66331768035889
8.64032554626465 and 8.66329860687256
8.64031314849854 and 8.66328048706055
8.64030265808105 and 8.66326522827148
8.64030265808105 and 8.6632604598999
8.64029312133789 and 8.66324710845947
8.64028453826904 and 8.66323471069336
8.64027786254883 and 8.6632251739502
8.64027118682861 and 8.66321563720703
8.64027118682861 and 8.66321277618408
8.64026069641113 and 8.66320037841797
8.64025592803955 and 8.66319274902344
8.64025211334229 and 8.66318702697754
8.64024829864502 and 8.66318225860596
8.64024829864502 and 8.66318035125732
8.6402416229248 and 8.66317272186279
8.64023876190186 and 8.66316795349121
8.64023590087891 and 8.66316413879395
8.64019393920898 and 8.66310501098633
8.64019393920898 and 8.66302394866943
8.63967895507813 and 8.66220188140869
-8.89726543426514 and -8.84661102294922
-8.89726543426514 and -8.84189605712891
-8.88336181640625 and -8.82368755340576
-8.87704181671143 and -8.8139476776123
-8.87139415740967 and -8.80511474609375
-8.86637687683105 and -8.79763889312744
-8.86637687683105 and -8.79544734954834
-8.85790824890137 and -8.78517055511475
-8.85428810119629 and -8.77996349334717
-8.85106945037842 and -8.77534961700439
-8.8483772277832 and -8.77143859863281
-8.8483772277832 and -8.77035140991211
-8.84323310852051 and -8.76423740386963
-8.84126663208008 and -8.76140403747559
-8.83935832977295 and -8.75871753692627
-8.83764839172363 and -8.75630855560303
-8.83764839172363 and -8.75568103790283
-8.83479595184326 and -8.75226497650146
-8.83344650268555 and -8.75040912628174
-8.83230781555176 and -8.74881553649902
-8.83128929138184 and -8.74738883972168
-8.83128929138184 and -8.74702167510986
-8.82962799072266 and -8.74503040313721
-8.82883262634277 and -8.74393844604492
-8.82816028594971 and -8.74299907684326
-8.82756042480469 and -8.74215888977051
-8.82756042480469 and -8.741943359375
-8.82656383514404 and -8.74075317382813
-8.82610034942627 and -8.74011516571045
-8.82570552825928 and -8.73956298828125
-8.82535076141357 and -8.73906707763672
-8.82535076141357 and -8.73894023895264
-8.82477283477783 and -8.73824787139893
-8.82449054718018 and -8.7378625869751
-8.82425689697266 and -8.73753643035889
-8.82404804229736 and -8.73724460601807
-8.82404804229736 and -8.73717021942139
-8.82370662689209 and -8.73676109313965
-8.82353973388672 and -8.73653411865234
-8.82340145111084 and -8.73634052276611
-8.82327938079834 and -8.73616981506348
-8.82327938079834 and -8.73612594604492
-8.82307720184326 and -8.73588371276855
-8.82297897338867 and -8.73575019836426
-8.82289695739746 and -8.73563575744629
-8.82282447814941 and -8.73553371429443
-8.82282447814941 and -8.73550796508789
-8.82270526885986 and -8.73536586761475
-8.82264709472656 and -8.73528575897217
-8.82259941101074 and -8.73521995544434
-8.8225564956665 and -8.7351598739624
-8.8225564956665 and -8.73514461517334
-8.82248592376709 and -8.73505973815918
-8.82245254516602 and -8.73501396179199
-8.82242298126221 and -8.73497295379639
-8.82239818572998 and -8.734938621521
-8.82239818572998 and -8.73492908477783
-8.82235622406006 and -8.73487949371338
-8.82233619689941 and -8.7348518371582
-8.82231998443604 and -8.73482894897461
-8.82230472564697 and -8.73480796813965
-8.82230472564697 and -8.73480224609375
-8.82228088378906 and -8.73477363586426
-8.82226848602295 and -8.73475646972656
-8.89727401733398 and -8.95329856872559
-8.88994693756104 and -8.94922161102295
-8.88322734832764 and -8.94539737701416
-8.87717914581299 and -8.94193935394287
-8.87717914581299 and -8.94424438476563
-8.86692810058594 and -8.93604564666748
-8.86247062683105 and -8.93343162536621
-8.85867309570313 and -8.93127918243408
-8.85512638092041 and -8.92920684814453
-8.85512638092041 and -8.93052768707275
-8.8489236831665 and -8.92550945281982
-8.84644603729248 and -8.92409324645996
-8.84412002563477 and -8.92271995544434
-8.8420352935791 and -8.92148971557617
-8.8420352935791 and -8.92225646972656
-8.8383846282959 and -8.9192943572998
-8.83704376220703 and -8.91857147216797
-8.83568382263184 and -8.91776752471924
-8.83444023132324 and -8.91702270507813
-8.83444023132324 and -8.91747093200684
-8.83244132995605 and -8.91587448120117
-8.83142566680908 and -8.91522026062012
-8.83060169219971 and -8.91472148895264
-8.82986640930176 and -8.91427898406982
-8.82986640930176 and -8.91454219818115
-8.8286771774292 and -8.91359806060791
-8.82806777954102 and -8.91321086883545
-8.82755374908447 and -8.9129056930542
-8.82709884643555 and -8.91264057159424
-8.82709884643555 and -8.91282176971436
-8.8263521194458 and -8.91222286224365
-8.82596302032471 and -8.91198444366455
-8.82563591003418 and -8.91179370880127
-8.82536888122559 and -8.91163635253906
-8.82536888122559 and -8.91175174713135
-8.82490921020508 and -8.91138172149658
-8.82468509674072 and -8.91123962402344
-8.82450580596924 and -8.91113376617432
-8.82434272766113 and -8.91103839874268
-8.82434272766113 and -8.91109180450439
-8.82409858703613 and -8.91089630126953
-8.82397365570068 and -8.91081523895264
-8.82387256622314 and -8.91075325012207
-8.8237829208374 and -8.91069889068604
-8.8237829208374 and -8.91073131561279
-8.82363986968994 and -8.91061687469482
-8.82356548309326 and -8.91056823730469
-8.82350635528564 and -8.91053199768066
-8.82345294952393 and -8.91049957275391
-8.82345294952393 and -8.91051864624023
-8.82336902618408 and -8.91045188903809
-8.82332515716553 and -8.91042232513428
-8.82327842712402 and -8.91039752960205
-8.82324600219727 and -8.91037750244141
-8.82324600219727 and -8.91038799285889
-8.82319641113281 and -8.91034889221191
-8.82319641113281 and -8.91036510467529
-8.82319641113281 and -8.91038703918457
-8.82319641113281 and -8.91040897369385
-8.82319641113281 and -8.91042232513428
-8.89727115631104 and -8.9533109664917
-8.88995265960693 and -8.94921112060547
-8.88995265960693 and -8.95207595825195
-8.87733364105225 and -8.94201469421387
-8.87181282043457 and -8.93878078460693
-8.86695098876953 and -8.9359655380249
-8.86257743835449 and -8.93342304229736
-8.86257743835449 and -8.93506336212158
-8.85512638092041 and -8.92908191680908
-8.85204887390137 and -8.927321434021
-8.84917736053467 and -8.92563056945801
-8.84659194946289 and -8.92410373687744
-8.84659194946289 and -8.92506217956543
-8.84207153320313 and -8.92142200469971
-8.84029865264893 and -8.92042350769043
-8.83860874176025 and -8.91942024230957
-8.837082862854 and -8.91851139068604
-8.837082862854 and -8.91907501220703
-8.83454990386963 and -8.91703987121582
-8.83337020874023 and -8.91630744934082
-8.83236694335938 and -8.91570663452148
-8.831467628479 and -8.91516876220703
-8.831467628479 and -8.91549301147461
-8.82997608184814 and -8.91429328918457
-8.82927894592285 and -8.91385841369629
-8.82870006561279 and -8.9135160446167
-8.82817077636719 and -8.91319847106934
-8.82817077636719 and -8.91338920593262
-8.82728576660156 and -8.91267585754395
-8.82688045501709 and -8.91242504119873
-8.82653141021729 and -8.91221523284912
-8.8262186050415 and -8.91202735900879
-8.8262186050415 and -8.91213989257813
-8.82570362091064 and -8.91172504425049
-8.82545852661133 and -8.91157150268555
-8.82525253295898 and -8.91144752502441
-8.8250675201416 and -8.91133594512939
-8.8250675201416 and -8.91140174865723
-8.82476329803467 and -8.91115760803223
-8.82461929321289 and -8.91106700897217
-8.82449722290039 and -8.9109935760498
-8.82438850402832 and -8.91092777252197
-8.82438850402832 and -8.91096687316895
-8.82420825958252 and -8.91082191467285
-8.82412338256836 and -8.91076850891113
-8.82405185699463 and -8.91072559356689
-8.82398700714111 and -8.91068649291992
-8.82398700714111 and -8.91070938110352
-8.82388114929199 and -8.91062450408936
-8.82383060455322 and -8.9105920791626
-8.82378768920898 and -8.91056632995605
-8.82375049591064 and -8.91054439544678
-8.82375049591064 and -8.91055774688721
-8.82368755340576 and -8.91050720214844
-8.82365798950195 and -8.91048812866211
-8.82363224029541 and -8.91047286987305
-8.82360935211182 and -8.9104585647583
-8.82360935211182 and -8.91046714782715
-8.82357311248779 and -8.91043758392334
-8.82356929779053 and -8.91044044494629
-8.8235559463501 and -8.91043281555176
-8.82354259490967 and -8.91042518615723
-8.82354259490967 and -8.91042995452881
-8.82352161407471 and -8.91041278839111
-8.82351112365723 and -8.9104061126709
-8.89727306365967 and -8.95278644561768
-8.88981628417969 and -8.94856071472168
-8.88981628417969 and -8.95145320892334
-8.87697505950928 and -8.94117546081543
-8.87135601043701 and -8.93786430358887
-8.86653137207031 and -8.93511199951172
-8.8620662689209 and -8.93249034881592
-8.8620662689209 and -8.93415927886963
-8.85438346862793 and -8.9279613494873
-8.85119247436523 and -8.92611026763916
-8.84828662872314 and -8.92440605163574
-8.84565925598145 and -8.92285537719727
-8.84565925598145 and -8.9238224029541
-8.84123802185059 and -8.92026805877686
-8.83927822113037 and -8.91908645629883
-8.83755779266357 and -8.91806411743164
-8.83601188659668 and -8.91714572906494
-8.83601188659668 and -8.91770935058594
-8.83340740203857 and -8.91561031341553
-8.83226490020752 and -8.9149227142334
-8.83125305175781 and -8.91431999206543
-8.83034229278564 and -8.91377639770508
-8.83034229278564 and -8.91410636901855
-8.82880115509033 and -8.91286182403564
-8.828125 and -8.91245174407959
-8.82752895355225 and -8.91209602355957
-8.82699203491211 and -8.91177463531494
-8.82699203491211 and -8.91196823120117
-8.82609176635742 and -8.91124248504639
-8.82570171356201 and -8.91100978851318
-8.82534980773926 and -8.91079902648926
-8.82503318786621 and -8.91060924530029
-8.82503318786621 and -8.91072368621826
-8.82448673248291 and -8.91027927398682
-8.82426261901855 and -8.91014766693115
-8.82405567169189 and -8.91002464294434
-8.82386875152588 and -8.909912109375
-8.82386875152588 and -8.90997982025146
-8.82355499267578 and -8.9097261428833
-8.82341289520264 and -8.90963840484619
-8.82329177856445 and -8.90956687927246
-8.82329177856445 and -8.90961074829102
-8.82329177856445 and -8.9096508026123
-8.82329177856445 and -8.90968608856201
-8.82329177856445 and -8.90971851348877
-8.82329177856445 and -8.90974712371826
-8.92974472045898 and -8.97342300415039
-8.92974472045898 and -8.97478771209717
-9.01552391052246 and -9.06139183044434
-11.4327392578125 and -11.387001991272
-11.4327392578125 and -11.3845901489258
-11.4432601928711 and -11.3929557800293
-11.4478673934937 and -11.3956356048584
-11.4519567489624 and -11.3980007171631
-11.4556179046631 and -11.4001188278198
-11.4556179046631 and -11.398738861084
-11.4618740081787 and -11.4037580490112
-11.4645490646362 and -11.4053249359131
-11.4669380187988 and -11.4067220687866
-11.4692907333374 and -11.407904624939
-11.4692907333374 and -11.4065408706665
-11.4736375808716 and -11.4098787307739
-11.4752292633057 and -11.4106731414795
-11.476788520813 and -11.4114990234375
-11.4785690307617 and -11.4121322631836
-11.4785690307617 and -11.4109935760498
-11.4826374053955 and -11.4132957458496
-11.4846715927124 and -11.413519859314
-11.4868869781494 and -11.4138593673706
-11.4892845153809 and -11.4141578674316
-11.4892845153809 and -11.4127502441406
-11.492974281311 and -11.4151220321655
-11.494044303894 and -11.4153747558594
-11.4949750900269 and -11.4157180786133
-11.4958486557007 and -11.416036605835
-11.4958486557007 and -11.4155702590942
-11.497631072998 and -11.416651725769
-11.4986143112183 and -11.4168949127197
-11.4994344711304 and -11.4171257019043
-11.500319480896 and -11.4173383712769
-11.500319480896 and -11.416895866394
-11.5016050338745 and -11.4177017211914
-11.5021295547485 and -11.4179000854492
-11.5024251937866 and -11.4180479049683
-11.5026473999023 and -11.4181699752808
-11.5026473999023 and -11.4180994033813
-11.5029554367065 and -11.418342590332
-11.5031061172485 and -11.418436050415
-11.5033006668091 and -11.4185180664063
-11.5034198760986 and -11.4185905456543
-11.5034198760986 and -11.4185485839844
-11.5036602020264 and -11.4187316894531
-11.5039157867432 and -11.4187784194946
-11.5041189193726 and -11.4188194274902
-11.5044612884521 and -11.4188499450684
-11.5044612884521 and -11.4185791015625
-11.5052337646484 and -11.4190301895142
-11.5056390762329 and -11.4191884994507
-11.5059108734131 and -11.4192733764648
-11.5062313079834 and -11.4193668365479
-11.5062313079834 and -11.4192504882813
-11.5066289901733 and -11.4195137023926
-11.5067615509033 and -11.419584274292
-11.5068063735962 and -11.4196109771729
-11.5068435668945 and -11.4196319580078
-11.5068435668945 and -11.4196100234985
-11.5069055557251 and -11.4196634292603
-11.5069274902344 and -11.419677734375
-11.5069437026978 and -11.4196882247925
-11.5069589614868 and -11.4196968078613
-11.5069589614868 and -11.4196920394897
-11.506983757019 and -11.4197120666504
-11.5069952011108 and -11.4197187423706
-11.507004737854 and -11.4197244644165
-11.5070133209229 and -11.4197301864624
-11.5070133209229 and -11.4197263717651
-11.5070276260376 and -11.4197378158569
-11.5070352554321 and -11.4197435379028
-11.507040977478 and -11.4197463989258
-11.5070466995239 and -11.419750213623
-11.5070466995239 and -11.4197483062744
-11.5070552825928 and -11.4197559356689
-11.50705909729 and -11.4197578430176
-11.507061958313 and -11.4197597503662
-11.5070657730103 and -11.4197616577148
-11.5070657730103 and -11.4197607040405
-11.5070705413818 and -11.4197645187378
-11.5070724487305 and -11.4197654724121
-11.5070743560791 and -11.4197664260864
-11.5070762634277 and -11.4197683334351
-11.5070762634277 and -11.4197673797607
-11.5070791244507 and -11.4197692871094
-11.5070810317993 and -11.419771194458
-11.5070819854736 and -11.419771194458
-11.5070829391479 and -11.4197721481323
-11.5070829391479 and -11.419771194458
-11.5070848464966 and -11.4197731018066
-11.5070858001709 and -11.419774055481
-11.5070867538452 and -11.419774055481
-11.5070867538452 and -11.419774055481
-11.5070867538452 and -11.419774055481
-11.5070877075195 and -11.4197750091553
-11.5070886611938 and -11.4197759628296
-11.5070886611938 and -11.4197750091553
-11.5070896148682 and -11.4197759628296
-11.5070896148682 and -11.4197759628296
-11.50710105896 and -11.4197807312012
-11.50710105896 and -11.4197807312012
-11.50710105896 and -11.4197807312012
-11.50710105896 and -11.4197807312012
-11.50710105896 and -11.4197807312012
-11.5071125030518 and -11.4197854995728
-11.5071334838867 and -11.4197940826416
-11.507134437561 and -11.4197950363159
-11.5071449279785 and -11.4197998046875
-11.5071449279785 and -11.4197931289673
-11.5071668624878 and -11.4198093414307
-11.5071678161621 and -11.419810295105
-11.5071678161621 and -11.419810295105
-11.5071878433228 and -11.4198188781738
-11.5071878433228 and -11.4198188781738
-11.5071887969971 and -11.4198198318481
-11.5071983337402 and -11.4198236465454
-11.5071992874146 and -11.4198246002197
-11.5072088241577 and -11.419828414917
-11.5072088241577 and -11.4198226928711
-11.5072183609009 and -11.4198322296143
-11.5072193145752 and -11.4198331832886
-11.5072193145752 and -11.4198331832886
-11.5072298049927 and -11.4198389053345
-11.5072298049927 and -11.4198331832886
-11.5073299407959 and -11.419885635376
-11.5074348449707 and -11.4199438095093
-11.507550239563 and -11.4200191497803
-11.5076961517334 and -11.4201421737671
-11.5076961517334 and -11.4201555252075
-11.5078544616699 and -11.420371055603
-11.5078725814819 and -11.4204425811768
-11.5078773498535 and -11.4204616546631
-11.5078773498535 and -11.4204616546631
-11.5078773498535 and -11.4204616546631
-11.5078773498535 and -11.4204616546631
-11.5078773498535 and -11.4204616546631
-11.5078773498535 and -11.4204616546631
-11.5078773498535 and -11.4204616546631
-11.5078773498535 and -11.4204616546631
-11.5078773498535 and -11.4204616546631
-11.5078725814819 and -11.4204769134521
-11.5078725814819 and -11.4204769134521
-11.5078725814819 and -11.4204769134521
-11.5078725814819 and -11.4204769134521
-11.5078687667847 and -11.4204530715942
-11.5078620910645 and -11.4204177856445
-11.5078563690186 and -11.4203996658325
-11.5078392028809 and -11.4203519821167
-11.5078392028809 and -11.4203424453735
-11.5078296661377 and -11.4203300476074
-11.5078229904175 and -11.4203195571899
-11.5078172683716 and -11.4203147888184
-11.5077476501465 and -11.4202442169189
-11.5077476501465 and -11.4202442169189
-11.5077629089355 and -11.420259475708
-11.5078144073486 and -11.4203109741211
-11.5077838897705 and -11.420280456543
-11.5078172683716 and -11.4203147888184
-11.5078172683716 and -11.4203147888184
-11.5077562332153 and -11.4202537536621
-11.5077924728394 and -11.4202899932861
-11.5078220367432 and -11.4203186035156
-11.5078258514404 and -11.4203224182129
-11.5078258514404 and -11.4203224182129
-11.5078229904175 and -11.4203205108643
-11.5078258514404 and -11.4203224182129
-11.5078229904175 and -11.4203205108643
-11.5078220367432 and -11.4203186035156
-11.5078220367432 and -11.4203186035156
-11.5078220367432 and -11.4203186035156
-11.5078220367432 and -11.4203186035156
-11.5078220367432 and -11.4203186035156
-11.5078220367432 and -11.4203186035156
-11.5078220367432 and -11.4203186035156
-11.5078220367432 and -11.4203186035156
-11.5078220367432 and -11.4203186035156
-11.5078220367432 and -11.4203186035156
-11.5078220367432 and -11.4203186035156
-11.5078220367432 and -11.4203186035156
-11.5078220367432 and -11.4203186035156
-11.5078220367432 and -11.4203186035156
-11.5078220367432 and -11.4203186035156
-11.5078220367432 and -11.4203186035156
-11.5078220367432 and -11.4203186035156
-11.5078220367432 and -11.4203186035156
-11.5078220367432 and -11.4203186035156
-11.5078220367432 and -11.4203186035156
-11.5078220367432 and -11.4203186035156
-11.5078220367432 and -11.4203186035156
-11.5078220367432 and -11.4203186035156
-11.5078220367432 and -11.4203186035156
-11.5078220367432 and -11.4203186035156
-11.5078201293945 and -11.420313835144
-11.5078201293945 and -11.4203033447266
-11.5078020095825 and -11.42027759552
-11.5077886581421 and -11.4202604293823
-11.5077867507935 and -11.4202585220337
-11.5077867507935 and -11.4202566146851
-11.5077867507935 and -11.4202566146851
-11.5077810287476 and -11.4202489852905
-11.5077800750732 and -11.4202480316162
-11.5077800750732 and -11.4202480316162
-11.5077800750732 and -11.4202480316162
-11.5077800750732 and -11.4202442169189
-11.5077695846558 and -11.4202299118042
-11.5077619552612 and -11.4202213287354
-11.507755279541 and -11.4202127456665
-11.5077428817749 and -11.4201965332031
-11.5077428817749 and -11.4201955795288
-11.5077199935913 and -11.4201688766479
-11.5077047348022 and -11.4201517105103
-11.5077047348022 and -11.4201517105103
-11.5076923370361 and -11.4201383590698
-11.5076923370361 and -11.4201383590698
-11.5076904296875 and -11.4201364517212
-11.5076904296875 and -11.4201364517212
-11.5076837539673 and -11.420129776001
-11.5076589584351 and -11.4201059341431
-11.5076589584351 and -11.420108795166
-11.5075855255127 and -11.4200439453125
-11.5075349807739 and -11.4200057983398
-11.5075035095215 and -11.4199838638306
-11.5074424743652 and -11.4199447631836
-11.5074424743652 and -11.4199771881104
-11.5072250366211 and -11.4198341369629
-11.507061958313 and -11.4197607040405
0.71439927816391 and 0.65833926200867
0.71439927816391 and 0.65507709980011
0.71215283870697 and 0.64991497993469
0.70990639925003 and 0.64506155252457
0.70765995979309 and 0.64048331975937
0.70541346073151 and 0.63615041971207
0.70541346073151 and 0.63428276777267
0.70316696166992 and 0.63036388158798
0.70092046260834 and 0.62661921977997
0.6986740231514 and 0.62303018569946
0.69642758369446 and 0.61958026885986
0.69642758369446 and 0.61850100755692
0.69418114423752 and 0.61528646945953
0.69193470478058 and 0.61217141151428
0.68968826532364 and 0.60914540290833
0.6874418258667 and 0.60619914531708
0.6874418258667 and 0.60557067394257
0.68519538640976 and 0.60275983810425
0.68137639760971 and 0.59843391180038
0.67755740880966 and 0.59415942430496
0.67373842000961 and 0.58993113040924
0.67373842000961 and 0.58956325054169
0.66991949081421 and 0.58541369438171
0.66610050201416 and 0.58129745721817
0.66256475448608 and 0.57750272750854
0.65902906656265 and 0.57372677326202
0.65902906656265 and 0.57351064682007
0.65549331903458 and 0.56978058815002
0.6519575715065 and 0.56607007980347
0.64842182397842 and 0.56237715482712
0.64488607645035 and 0.55870002508163
0.64488607645035 and 0.55857282876968
0.64135038852692 and 0.55492269992828
0.63781470060349 and 0.55128413438797
0.63427901268005 and 0.54765582084656
0.63074332475662 and 0.54403680562973
0.63074332475662 and 0.54396188259125
0.62720763683319 and 0.54035872220993
0.62367218732834 and 0.5367625951767
0.62013632059097 and 0.53317213058472
