Godot Engine v4.1.3.stable.official.f06b6836a - https://godotengine.org
Vulkan API 1.3.289 - Forward Mobile - Using Vulkan Device #0: NVIDIA - NVIDIA GeForce RTX 3060
 
-8.89726066589355 and -8.84415245056152
-8.88995552062988 and -8.83341884613037
-8.88995552062988 and -8.83052825927734
-8.87736320495605 and -8.81538486480713
-8.87185859680176 and -8.80759811401367
-8.86700630187988 and -8.80070400238037
-8.86264038085938 and -8.79450988769531
-8.86264038085938 and -8.79287338256836
-8.85520458221436 and -8.78397178649902
-8.85215759277344 and -8.7796106338501
-8.84930610656738 and -8.77558135986328
-8.84671401977539 and -8.77191066741943
-8.84671401977539 and -8.77078628540039
-8.84196662902832 and -8.76488590240479
-8.84000205993652 and -8.76176834106445
-8.83807468414307 and -8.75866413116455
-8.83630847930908 and -8.75574779510498
-8.83630847930908 and -8.75472736358643
-8.8334321975708 and -8.75092601776123
-8.83217334747314 and -8.74886322021484
-8.83123207092285 and -8.74734592437744
-8.83051681518555 and -8.74625110626221
-8.83051681518555 and -8.74600982666016
-8.8293981552124 and -8.74467945098877
-8.82880020141602 and -8.74387741088867
-8.82823944091797 and -8.74309921264648
-8.82770824432373 and -8.74235439300537
-8.82770824432373 and -8.74216270446777
-8.82683849334717 and -8.74112033843994
-8.82640743255615 and -8.74053382873535
-8.82605361938477 and -8.74003982543945
-8.82573795318604 and -8.73959827423096
-8.82573795318604 and -8.73948574066162
-8.82522392272949 and -8.73886966705322
-8.82497024536133 and -8.73852443695068
-8.82476139068604 and -8.73823356628418
-8.82457447052002 and -8.73797225952148
-8.82457447052002 and -8.73790550231934
-8.82427215576172 and -8.7375431060791
-8.82412147521973 and -8.73733901977539
-8.82399845123291 and -8.73716735839844
-8.82388877868652 and -8.7370138168335
-8.82388877868652 and -8.73697471618652
-8.82370948791504 and -8.73676013946533
-8.82362174987793 and -8.73663997650146
-8.82354831695557 and -8.73653793334961
-8.82348346710205 and -8.73644733428955
-8.82348346710205 and -8.73642444610596
-8.82337760925293 and -8.73629760742188
-8.82332515716553 and -8.73622608184814
-8.82328224182129 and -8.73616600036621
-8.82324409484863 and -8.73611259460449
-8.82320976257324 and -8.73606491088867
-8.82320976257324 and -8.73605251312256
-8.82315349578857 and -8.73598480224609
-8.8231258392334 and -8.73594760894775
-8.8231029510498 and -8.73591613769531
8.71474361419678 and 8.76180744171143
8.71474361419678 and 8.75928020477295
8.70383548736572 and 8.74608325958252
8.69910430908203 and 8.73928070068359
8.69485473632813 and 8.7331600189209
8.69103527069092 and 8.7276496887207
8.69103527069092 and 8.72612285614014
8.68445777893066 and 8.71816730499268
8.68177223205566 and 8.7142391204834
8.67926692962646 and 8.71061325073242
8.67702579498291 and 8.70736217498779
8.67702579498291 and 8.70645141601563
8.67324066162109 and 8.70184516906738
8.67153549194336 and 8.69940090179443
8.67005825042725 and 8.69725799560547
8.66874599456787 and 8.69534587860107
8.66874599456787 and 8.69480514526367
8.6665210723877 and 8.69209289550781
8.66551780700684 and 8.69065189361572
8.66464805603027 and 8.68938732147217
8.66386699676514 and 8.68825149536133
8.66386699676514 and 8.68793106079102
8.66256427764893 and 8.68634033203125
8.66196537017822 and 8.68548202514648
8.66146850585938 and 8.68475151062012
8.66100788116455 and 8.68408107757568
8.66100788116455 and 8.68389225006104
8.66022396087646 and 8.68293762207031
8.65988636016846 and 8.68244647979736
8.65958499908447 and 8.68200778961182
8.65931415557861 and 8.68161201477051
8.65931415557861 and 8.68150043487549
8.65888023376465 and 8.6809663772583
8.65866565704346 and 8.68066120147705
8.65848541259766 and 8.68039894104004
8.6583251953125 and 8.68016529083252
8.6583251953125 and 8.68009948730469
8.65806102752686 and 8.67977619171143
8.65793323516846 and 8.67959403991699
8.65782737731934 and 8.67944049835205
8.6577320098877 and 8.67930126190186
8.6577320098877 and 8.6792631149292
8.65757656097412 and 8.67907238006592
8.65750122070313 and 8.67896556854248
8.65743827819824 and 8.67887401580811
8.65738296508789 and 8.67879295349121
8.65738296508789 and 8.67877006530762
8.6572904586792 and 8.67865657806396
8.65724563598633 and 8.67859268188477
8.6572093963623 and 8.67854022979736
8.65717601776123 and 8.67849159240723
8.65717601776123 and 8.6784782409668
8.65712070465088 and 8.67841053009033
8.65709590911865 and 8.67837429046631
8.65707302093506 and 8.67834186553955
8.65705394744873 and 8.67831420898438
8.65705394744873 and 8.67830562591553
8.65702247619629 and 8.67826747894287
8.65700626373291 and 8.67824459075928
8.65699291229248 and 8.67822551727295
8.65698146820068 and 8.67820835113525
8.65698146820068 and 8.67820358276367
8.65696239471436 and 8.67818069458008
8.65695381164551 and 8.67816829681396
8.65694618225098 and 8.67815685272217
8.65693950653076 and 8.678147315979
8.65693950653076 and 8.67814445495605
8.65692806243896 and 8.67813014984131
8.65692234039307 and 8.67812252044678
8.65691757202148 and 8.67811584472656
8.65691375732422 and 8.67811012268066
8.65691375732422 and 8.67810821533203
8.656907081604 and 8.67809963226318
8.65690422058105 and 8.67809581756592
8.65690135955811 and 8.67809200286865
8.65689945220947 and 8.6780891418457
8.65689945220947 and 8.67808818817139
8.65689563751221 and 8.6780834197998
8.65710258483887 and 8.67828941345215
8.6569299697876 and 8.67811584472656
8.65690517425537 and 8.67809009552002
8.65690517425537 and 8.67809009552002
8.65690040588379 and 8.67808437347412
8.65691089630127 and 8.6780948638916
8.65689945220947 and 8.67808246612549
8.65689754486084 and 8.67808055877686
8.65689754486084 and 8.67808055877686
8.65689659118652 and 8.67807865142822
8.65689563751221 and 8.67807769775391
8.65689563751221 and 8.67807769775391
8.65689468383789 and 8.67807579040527
8.65689468383789 and 8.67807579040527
8.65690517425537 and 8.67808628082275
8.65689373016357 and 8.67807483673096
8.65690517425537 and 8.67808628082275
8.65688133239746 and 8.67806243896484
8.65688133239746 and 8.67806148529053
8.65695190429688 and 8.67813205718994
8.65688419342041 and 8.67806434631348
8.65688037872314 and 8.67806053161621
8.65687847137451 and 8.67805862426758
8.65687847137451 and 8.67805862426758
8.65687847137451 and 8.67805862426758
8.65687847137451 and 8.67805862426758
8.65687847137451 and 8.67805862426758
8.65687847137451 and 8.67805862426758
8.65687847137451 and 8.67805862426758
8.6568775177002 and 8.67805767059326
8.6568775177002 and 8.67805767059326
8.6568775177002 and 8.67805767059326
8.6568775177002 and 8.67805767059326
8.6568775177002 and 8.67805767059326
8.65687370300293 and 8.678053855896
8.65687370300293 and 8.678053855896
8.65687370300293 and 8.678053855896
8.65687370300293 and 8.678053855896
8.65687370300293 and 8.678053855896
8.65688419342041 and 8.67806339263916
8.65688514709473 and 8.67806434631348
8.65688514709473 and 8.67806434631348
8.65688514709473 and 8.67806434631348
8.65688514709473 and 8.67806434631348
8.65688514709473 and 8.67806434631348
8.65724086761475 and 8.6784200668335
8.65690422058105 and 8.6780834197998
8.65688705444336 and 8.67806625366211
8.65688705444336 and 8.67806625366211
8.65688705444336 and 8.67806625366211
8.65688705444336 and 8.67806625366211
8.65688705444336 and 8.67806625366211
8.65688705444336 and 8.67806625366211
8.65688705444336 and 8.67806625366211
8.71476268768311 and 8.76182651519775
8.70902347564697 and 8.75356006622314
8.70376586914063 and 8.74601364135742
8.69904232025146 and 8.73921871185303
8.69904232025146 and 8.73734760284424
8.69099998474121 and 8.727614402771
8.68770790100098 and 8.7227954864502
8.6846227645874 and 8.71833229064941
8.6818265914917 and 8.71429347991943
8.6818265914917 and 8.71317291259766
8.6769437789917 and 8.70728015899658
8.67502689361572 and 8.70445251464844
8.6732063293457 and 8.70181083679199
8.67156219482422 and 8.69942760467529
8.67156219482422 and 8.69876194000244
8.66883373260498 and 8.69543266296387
8.66758060455322 and 8.69363975524902
8.66650199890137 and 8.6920747756958
8.66553401947021 and 8.6906681060791
8.66553401947021 and 8.69027328491211
8.66392040252686 and 8.68830490112305
8.66318130493164 and 8.68724536895752
8.6625452041626 and 8.68632125854492
8.662522315979 and 8.68603897094727
8.662522315979 and 8.68580532073975
8.66106510162354 and 8.68413829803467
8.66060638427734 and 8.68349075317383
8.66023063659668 and 8.68294429779053
8.6598949432373 and 8.68245506286621
8.6598949432373 and 8.68231773376465
8.65933799743652 and 8.68163585662842
8.65907764434814 and 8.68126392364502
8.65885543823242 and 8.68094158172607
8.65865802764893 and 8.68065357208252
8.65865802764893 and 8.68057155609131
8.65832901000977 and 8.68016910552979
8.65817546844482 and 8.67994976043701
8.65804481506348 and 8.67975997924805
8.65792846679688 and 8.67958927154541
8.65792846679688 and 8.67954158782959
8.65773296356201 and 8.67930316925049
8.65764331817627 and 8.67917442321777
8.65756607055664 and 8.67906188964844
8.65749740600586 and 8.67896175384521
8.65749740600586 and 8.67893314361572
8.65738296508789 and 8.67879295349121
8.65732860565186 and 8.67871570587158
8.65728378295898 and 8.67864990234375
8.65724277496338 and 8.67859077453613
8.65724277496338 and 8.67857360839844
8.65717506408691 and 8.67849063873291
8.65714359283447 and 8.67844581604004
8.65711688995361 and 8.67840671539307
8.65709686279297 and 8.67837524414063
8.65709686279297 and 8.67836570739746
8.657057762146 and 8.67831802368164
8.65703773498535 and 8.67828941345215
8.65702247619629 and 8.67826747894287
8.65700817108154 and 8.67824649810791
8.65700817108154 and 8.67824077606201
8.65698528289795 and 8.67821216583252
8.65697383880615 and 8.67819595336914
8.65697383880615 and 8.67819213867188
8.65697383880615 and 8.67818832397461
8.65697383880615 and 8.67818450927734
8.65697383880615 and 8.67818164825439
8.65697383880615 and 8.67817878723145
8.65697383880615 and 8.6781759262085
8.65697383880615 and 8.67817401885986
8.65697383880615 and 8.67817211151123
8.71474742889404 and 8.65849018096924
8.7073450088501 and 8.64785385131836
8.70057201385498 and 8.63819026947021
8.69448471069336 and 8.62951850891113
8.69448471069336 and 8.62720680236816
8.68416500091553 and 8.61481857299805
8.67967891693115 and 8.60848045349121
8.67570209503174 and 8.60284614562988
8.67230224609375 and 8.59796047210693
8.67230224609375 and 8.59663009643555
8.66602993011475 and 8.58916473388672
8.66355228424072 and 8.58561706542969
8.66120624542236 and 8.58231067657471
8.65910530090332 and 8.57934856414795
8.65910530090332 and 8.57857608795166
8.65558052062988 and 8.57435703277588
8.65395545959473 and 8.57210922241211
8.65258026123047 and 8.57017421722412
8.65133476257324 and 8.56842613220215
8.65133476257324 and 8.56797504425049
8.64926147460938 and 8.56549549102783
8.6483039855957 and 8.56417369842529
8.64748477935791 and 8.56302642822266
8.64675045013428 and 8.56199741363525
8.64675045013428 and 8.56173229217529
8.64553737640381 and 8.56028175354004
8.6452579498291 and 8.55978775024414
8.64456844329834 and 8.55890560150146
8.64412021636963 and 8.55828380584717
8.64412021636963 and 8.55812835693359
8.64340686798096 and 8.55727481842041
8.64305114746094 and 8.55679321289063
8.64273357391357 and 8.55636215209961
8.64247512817383 and 8.55600166320801
8.64247512817383 and 8.55591011047363
8.64208507537842 and 8.5554370880127
8.64190101623535 and 8.55517864227295
8.64170360565186 and 8.5549144744873
8.64155006408691 and 8.55470085144043
8.64155006408691 and 8.55464649200439
8.64128589630127 and 8.55433368682861
8.64116668701172 and 8.55417060852051
8.64106750488281 and 8.55403232574463
8.64097785949707 and 8.55390644073486
8.64097785949707 and 8.55387496948242
8.64083194732666 and 8.55370044708252
8.64077663421631 and 8.55361938476563
8.64070320129395 and 8.55352210998535
8.64068126678467 and 8.55347919464111
8.64068126678467 and 8.5534610748291
8.64062595367432 and 8.55338859558105
8.64058780670166 and 8.55333518981934
8.6404914855957 and 8.55322456359863
8.64045715332031 and 8.55317783355713
8.64045715332031 and 8.55316734313965
8.64040470123291 and 8.55310440063477
8.640380859375 and 8.55307197570801
8.64036083221436 and 8.55304336547852
8.64034271240234 and 8.55301856994629
8.64034271240234 and 8.55301189422607
8.64031219482422 and 8.55297565460205
8.64029693603516 and 8.55295467376709
8.64028739929199 and 8.55294036865234
8.64027690887451 and 8.55292510986328
8.64027690887451 and 8.55292129516602
8.64025783538818 and 8.55289936065674
8.64024925231934 and 8.55288696289063
8.64024257659912 and 8.55287742614746
8.64023590087891 and 8.55286884307861
8.64023590087891 and 8.55286598205566
8.64022541046143 and 8.55285358428955
8.64022064208984 and 8.55284690856934
8.64021682739258 and 8.55284214019775
8.64021301269531 and 8.55283641815186
8.64021301269531 and 8.55283546447754
8.6402063369751 and 8.55282688140869
8.64020347595215 and 8.55282306671143
8.6402006149292 and 8.55281925201416
8.64019775390625 and 8.55281543731689
8.64019775390625 and 8.55281448364258
8.64019393920898 and 8.55281066894531
8.64019298553467 and 8.55280876159668
8.64019107818604 and 8.55280590057373
8.64019012451172 and 8.55280494689941
8.64019012451172 and 8.5528039932251
8.64018726348877 and 8.55280113220215
8.64018630981445 and 8.55279922485352
8.64018630981445 and 8.55279922485352
8.64018535614014 and 8.5527982711792
8.64018535614014 and 8.55279731750488
8.6401834487915 and 8.55279541015625
8.6401834487915 and 8.55279541015625
8.64018249511719 and 8.55279445648193
8.64018249511719 and 8.55279350280762
8.64018249511719 and 8.55279350280762
8.64018154144287 and 8.5527925491333
8.64018058776855 and 8.55279159545898
8.64017963409424 and 8.55279064178467
8.64017963409424 and 8.55279064178467
8.64017963409424 and 8.55279064178467
8.64017963409424 and 8.55279064178467
8.64017868041992 and 8.55278968811035
8.64017868041992 and 8.55278873443604
8.64017868041992 and 8.55278873443604
8.64017868041992 and 8.55278873443604
8.64017868041992 and 8.55278873443604
8.64017868041992 and 8.55278873443604
8.64017772674561 and 8.55278778076172
8.64017772674561 and 8.55278778076172
8.64017772674561 and 8.55278778076172
8.64017772674561 and 8.55278778076172
8.64017772674561 and 8.55278778076172
8.64017772674561 and 8.55278778076172
8.64017772674561 and 8.55278778076172
8.64017772674561 and 8.55278778076172
8.64017772674561 and 8.55278778076172
8.64017772674561 and 8.55278778076172
8.64017772674561 and 8.55278778076172
8.64017772674561 and 8.55278778076172
8.64017772674561 and 8.55278778076172
8.64017772674561 and 8.55278778076172
8.64018058776855 and 8.55279064178467
8.64018058776855 and 8.55279064178467
8.64018058776855 and 8.55279064178467
8.64018058776855 and 8.55279064178467
8.64018058776855 and 8.55279064178467
8.64018058776855 and 8.55279064178467
8.64018058776855 and 8.55279064178467
8.64018058776855 and 8.55279064178467
8.64018058776855 and 8.55279064178467
8.64018058776855 and 8.55279064178467
8.64048385620117 and 8.55309391021729
-8.89726257324219 and -8.95351982116699
-8.88986110687256 and -8.9493522644043
-8.88308715820313 and -8.94546890258789
-8.87699890136719 and -8.94196510314941
-8.87699890136719 and -8.94427680969238
-8.86668109893799 and -8.93602752685547
-8.86218547821045 and -8.93338298797607
-8.85821056365967 and -8.93106651306152
-8.85479545593262 and -8.92913627624512
-8.85479545593262 and -8.93046760559082
-8.84854221343994 and -8.92540740966797
-8.84605026245117 and -8.92398548126221
-8.84370517730713 and -8.92260074615479
-8.84159088134766 and -8.92134761810303
-8.84159088134766 and -8.92212009429932
-8.83808040618896 and -8.91930294036865
-8.83646678924561 and -8.91831302642822
-8.83507919311523 and -8.91748428344727
-8.83383464813232 and -8.9167423248291
-8.83383464813232 and -8.91719436645508
-8.83175373077393 and -8.91551971435547
-8.8308048248291 and -8.91493511199951
-8.82998752593994 and -8.9144458770752
-8.82925319671631 and -8.91400623321533
-8.82925319671631 and -8.91427040100098
-8.82800197601318 and -8.91325759887695
-8.82748699188232 and -8.91295719146729
-8.82700824737549 and -8.91267108917236
-8.82657623291016 and -8.9124116897583
-8.82657623291016 and -8.91256809234619
-8.82586002349854 and -8.91199207305908
-8.82552242279053 and -8.91178035736084
-8.82523822784424 and -8.9116096496582
-8.82498359680176 and -8.91145706176758
-8.82498359680176 and -8.91154861450195
-8.82456207275391 and -8.91121006011963
-8.82436180114746 and -8.91108417510986
-8.82419395446777 and -8.91098308563232
-8.82404327392578 and -8.91089248657227
-8.82404327392578 and -8.9109468460083
-8.8237943649292 and -8.91074657440186
-8.82367706298828 and -8.91067314147949
-8.82357788085938 and -8.91061305999756
-8.82348918914795 and -8.91055965423584
-8.82348918914795 and -8.9105920791626
-8.82334136962891 and -8.91047286987305
-8.82327270507813 and -8.91042995452881
-8.82321357727051 and -8.91039371490479
-8.82316207885742 and -8.91036319732666
-8.82316207885742 and -8.91038227081299
-8.82307434082031 and -8.91031169891357
-8.82303428649902 and -8.91028690338135
-8.82299900054932 and -8.91026496887207
-8.82296752929688 and -8.91024589538574
-8.82296752929688 and -8.91025733947754
-8.82291698455811 and -8.91021728515625
-8.8228931427002 and -8.91020202636719
-8.82287311553955 and -8.91018962860107
-8.82285499572754 and -8.91017913818359
-8.82285499572754 and -8.91018581390381
-8.8228235244751 and -8.91016006469727
-8.82280921936035 and -8.91015148162842
-8.82279777526855 and -8.9101448059082
-8.82278633117676 and -8.91013717651367
-8.82278633117676 and -8.91014099121094
-8.82276916503906 and -8.91012763977051
-8.82276058197021 and -8.91012191772461
-8.82275390625 and -8.91011810302734
-8.82275676727295 and -8.91012382507324
-8.82275676727295 and -8.91012573242188
-8.82274627685547 and -8.91011810302734
-8.82274150848389 and -8.91011428833008
-8.82272911071777 and -8.9101037979126
-8.82272529602051 and -8.91010189056396
-8.82272529602051 and -8.91010284423828
-8.82271862030029 and -8.91009712219238
-8.89727210998535 and -8.9528284072876
-8.89727210998535 and -8.95608806610107
-8.88310146331787 and -8.94483089447021
-8.87683963775635 and -8.94117450714111
-8.87132167816162 and -8.93798637390137
-8.86636638641357 and -8.9351167678833
-8.86636638641357 and -8.93698310852051
-8.85793876647949 and -8.93022632598877
-8.85430431365967 and -8.9280891418457
-8.85105895996094 and -8.92618560791016
-8.8481502532959 and -8.92448902130127
-8.8481502532959 and -8.92558765411377
-8.84327507019043 and -8.92170906066895
-8.84128093719482 and -8.92059230804443
-8.83934020996094 and -8.91945934295654
-8.8375940322876 and -8.91841316223145
-8.8375940322876 and -8.91904067993164
-8.83451080322266 and -8.91652202606201
-8.83335590362549 and -8.91587448120117
-8.83223056793213 and -8.91520404815674
-8.83122158050537 and -8.91460418701172
-8.83122158050537 and -8.91497230529785
-8.82954692840576 and -8.91362762451172
-8.8287410736084 and -8.91311931610107
-8.8280668258667 and -8.91271209716797
-8.82746315002441 and -8.91234874725342
-8.82746315002441 and -8.91251659393311
-8.82656574249268 and -8.91159820556641
-8.82626438140869 and -8.91105651855469
-8.82635498046875 and -8.91029071807861
-8.82701969146729 and -8.90945434570313
-8.82701969146729 and -8.90651512145996
-8.83301639556885 and -8.90633583068848
-8.83985996246338 and -8.90396499633789
-8.89726066589355 and -8.84125232696533
-8.88995265960693 and -8.83075332641602
-8.88995265960693 and -8.82790088653564
-8.87736701965332 and -8.81276512145996
-8.87186622619629 and -8.80498218536377
-8.86701011657715 and -8.79808521270752
-8.86265277862549 and -8.79190063476563
-8.86265277862549 and -8.79026412963867
-8.85521697998047 and -8.78136348724365
-8.85202693939209 and -8.77685928344727
-8.84941864013672 and -8.77307415008545
-8.84685039520264 and -8.76945018768311
-8.84685039520264 and -8.7685022354126
-8.84223747253418 and -8.76303958892822
-8.84054374694824 and -8.76058387756348
-8.83892250061035 and -8.75833225250244
-8.83740520477295 and -8.75620079040527
-8.83740520477295 and -8.75564956665039
-8.83492469787598 and -8.75267314910889
-8.83370304107666 and -8.75100612640381
-8.83270740509033 and -8.74961090087891
-8.83180904388428 and -8.74835300445557
-8.83180904388428 and -8.7480297088623
-8.83034229278564 and -8.74627208709717
-8.82962799072266 and -8.7452974319458
-8.82903385162354 and -8.74446773529053
-8.82850360870361 and -8.74372673034668
-8.82850360870361 and -8.74353694915771
-8.82764625549316 and -8.74250888824463
-8.8272180557251 and -8.74192714691162
-8.82686614990234 and -8.74143695831299
-8.82656764984131 and -8.7410135269165
-8.82656764984131 and -8.74090194702148
-8.82604885101318 and -8.74028301239014
-8.82580947875977 and -8.73995304107666
8.71475028991699 and 8.65849494934082
8.70736789703369 and 8.64791870117188
8.70736789703369 and 8.64506816864014
8.69468593597412 and 8.62982082366943
8.68913745880127 and 8.62197113037109
8.68423843383789 and 8.61501312255859
8.67983627319336 and 8.60876750946045
8.67983627319336 and 8.60711669921875
8.67234039306641 and 8.59814262390137
8.66912651062012 and 8.59360408782959
8.66647148132324 and 8.58976078033447
8.66387844085693 and 8.58610248565674
8.66152858734131 and 8.58279705047607
8.66152858734131 and 8.58194065093994
8.65736961364746 and 8.57701206207275
8.65580463409424 and 8.57475662231445
8.6542797088623 and 8.57261085510254
8.65291213989258 and 8.57068634033203
8.65291213989258 and 8.57018566131592
-8.89726161956787 and -8.84182262420654
-8.88980770111084 and -8.83111095428467
-8.88980770111084 and -8.82819938659668
-8.87696266174316 and -8.81275081634521
-8.87134265899658 and -8.80480194091797
-8.86638832092285 and -8.79776382446289
-8.86193656921387 and -8.79144763946533
-8.86193656921387 and -8.78977680206299
-8.85435104370117 and -8.78069496154785
-8.85128879547119 and -8.77629280090332
-8.84836769104004 and -8.77216911315918
-8.84572792053223 and -8.76845169067383
-8.84572792053223 and -8.76748466491699
-8.84110355377197 and -8.76199340820313
-8.83931064605713 and -8.75942134857178
-8.83759307861328 and -8.75700569152832
-8.83604049682617 and -8.7548246383667
-8.83604049682617 and -8.7542610168457
-8.83347225189209 and -8.75118732452393
-8.8322639465332 and -8.74952411651611
-8.83126163482666 and -8.74811267852783
-8.83034801483154 and -8.7468318939209
-8.83034801483154 and -8.74650192260742
-8.82882595062256 and -8.74468231201172
-8.82812213897705 and -8.74371147155762
-8.82752132415771 and -8.74287128448486
-8.82698249816895 and -8.74211692810059
-8.82698249816895 and -8.74186611175537
-8.82602024078369 and -8.74052715301514
-8.82554721832275 and -8.73966407775879
-8.82521820068359 and -8.73904705047607
-8.82511425018311 and -8.73870086669922
-8.82511425018311 and -8.73880958557129
-8.82606029510498 and -8.74035453796387
-8.82713794708252 and -8.74243831634521
