Godot Engine v4.1.3.stable.official.f06b6836a - https://godotengine.org
Vulkan API 1.3.289 - Forward Mobile - Using Vulkan Device #0: NVIDIA - NVIDIA GeForce RTX 3060
 
-8.89726066589355 and -8.8410062789917
-8.88985919952393 and -8.83037185668945
-8.88308811187744 and -8.82071113586426
-8.88308811187744 and -8.81812763214111
-8.87162208557129 and -8.80435085296631
-8.86662292480469 and -8.79728317260742
-8.86220169067383 and -8.79101085662842
-8.85822868347168 and -8.78538131713867
-8.85822868347168 and -8.78389644622803
-8.85144805908203 and -8.77578449249268
-8.8487720489502 and -8.77191638946533
-8.84616756439209 and -8.76824188232422
-8.84381008148193 and -8.76492500305176
-8.84381008148193 and -8.76406478881836
-8.83964061737061 and -8.75912189483643
-8.83806419372559 and -8.75685214996338
-8.83653354644775 and -8.75469875335693
-8.83514595031738 and -8.75275230407715
-8.83514595031738 and -8.7522497177124
-8.83286952972412 and -8.74952125549316
-8.831787109375 and -8.74803352355957
-8.83087062835693 and -8.74675273895264
-8.83005332946777 and -8.74560737609863
-8.83005332946777 and -8.74531269073486
-8.83005332946777 and -8.74504852294922
-8.83005332946777 and -8.74481010437012
8.71474170684814 and 8.76927852630615
8.70735454559326 and 8.75849914550781
8.70060729980469 and 8.74871253967285
8.69455814361572 and 8.73992252349854
8.69455814361572 and 8.73741245269775
8.68433284759521 and 8.72496604919434
8.67989826202393 and 8.71852397918701
8.67594814300537 and 8.71279716491699
8.67257785797119 and 8.70781135559082
8.67257785797119 and 8.70635223388672
8.66637897491455 and 8.69886112213135
8.66390800476074 and 8.69522571563721
8.66158866882324 and 8.69184494018555
8.65948963165283 and 8.68880081176758
8.65948963165283 and 8.68794918060303
8.656005859375 and 8.68369770050049
8.65440273284912 and 8.68140411376953
8.65302467346191 and 8.67940330505371
8.65178871154785 and 8.67760753631592
8.65178871154785 and 8.67710304260254
8.6497220993042 and 8.67458152770996
8.64878082275391 and 8.67323112487793
8.6479549407959 and 8.67203712463379
8.64722919464111 and 8.67098045349121
8.64722919464111 and 8.67068195343018
8.64598178863525 and 8.66916561126709
8.6454610824585 and 8.66840267181396
8.64498615264893 and 8.66771030426025
8.64455795288086 and 8.66708564758301
8.64455795288086 and 8.66690921783447
8.64383792877197 and 8.66603088378906
8.64351463317871 and 8.66556453704834
8.64323616027832 and 8.66515731811523
8.64298343658447 and 8.6647891998291
8.64298343658447 and 8.6646842956543
8.64255714416504 and 8.66416454315186
8.64236831665039 and 8.66389083862305
8.64220237731934 and 8.663649559021
8.64205360412598 and 8.66343212127686
8.64205360412598 and 8.66337013244629
8.64180278778076 and 8.66306400299072
8.64180278778076 and 8.66301441192627
8.64180278778076 and 8.6629695892334
8.64180278778076 and 8.66292858123779
8.64180278778076 and 8.66289234161377
8.71474552154541 and 8.66312885284424
8.71474552154541 and 8.66030025482178
8.70245552062988 and 8.64548206329346
8.6970386505127 and 8.63780498504639
8.69225311279297 and 8.63099765777588
8.68795776367188 and 8.62489414215088
8.68795776367188 and 8.62327480316162
8.68062686920166 and 8.61449337005615
8.677490234375 and 8.61005783081055
8.67467403411865 and 8.60607814788818
8.67214965820313 and 8.60251045227051
8.67214965820313 and 8.6015739440918
8.66783809661865 and 8.59642314910889
8.66620063781738 and 8.59403324127197
8.66454982757568 and 8.59170627593994
8.66304397583008 and 8.5895938873291
8.66304397583008 and 8.58904838562012
8.66032695770264 and 8.58584213256836
8.65936470031738 and 8.58444023132324
8.65839385986328 and 8.58307456970215
8.65750789642334 and 8.5818338394165
8.65750789642334 and 8.58151531219482
8.65608692169189 and 8.57980728149414
8.65536785125732 and 8.57883071899414
8.65477657318115 and 8.57800769805908
8.65425300598145 and 8.5772762298584
8.65425300598145 and 8.57708835601807
8.65341472625732 and 8.57608127593994
8.65298271179199 and 8.57549858093262
8.65232467651367 and 8.57433414459229
8.6515064239502 and 8.57285118103027
8.6515064239502 and 8.57228374481201
-8.89725685119629 and -8.84116649627686
-8.88979434967041 and -8.83044242858887
-8.88296413421631 and -8.82069683074951
-8.88296413421631 and -8.81808948516846
-8.87139511108398 and -8.80418968200684
-8.86634540557861 and -8.79705333709717
-8.8618860244751 and -8.79072666168213
-8.85787773132324 and -8.78504657745361
-8.85787773132324 and -8.78354835510254
-8.85104084014893 and -8.77536869049072
-8.84829425811768 and -8.77141857147217
-8.84568309783936 and -8.76772880554199
-8.84330749511719 and -8.76438522338867
-8.84330749511719 and -8.76351642608643
-8.83912372589111 and -8.75855350494385
-8.83752632141113 and -8.75625610351563
-8.83598136901855 and -8.75408267974854
-8.83458232879639 and -8.75211906433105
-8.83458232879639 and -8.75161266326904
-8.83227157592773 and -8.74884605407715
-8.83118057250977 and -8.74734592437744
-8.83025932312012 and -8.74605751037598
-8.82943439483643 and -8.74490165710449
-8.82943439483643 and -8.74460411071777
-8.82808399200439 and -8.74298667907715
-8.82744884490967 and -8.74211120605469
-8.82690620422363 and -8.74135303497314
-8.82641983032227 and -8.74067211151123
-8.82641983032227 and -8.74049758911133
-8.82560539245605 and -8.73952579498291
-8.82523727416992 and -8.73901653289795
-10.627272605896 and -10.6710081100464
-10.7235689163208 and -10.7712802886963
-10.8168125152588 and -10.8677310943604
-10.9052743911743 and -10.9597682952881
-10.9052743911743 and -10.9630212783813
-10.9849624633789 and -11.0456762313843
-11.0569953918457 and -11.1213455200195
-11.1242179870605 and -11.1911869049072
-11.1846122741699 and -11.2543992996216
-11.1846122741699 and -11.2561540603638
-11.2411346435547 and -11.3140020370483
-11.2966165542603 and -11.3706731796265
-11.383282661438 and -11.4582557678223
-11.4721612930298 and -11.5479335784912
-11.4721612930298 and -11.5486516952515
-11.4637079238892 and -11.5311851501465
-11.4677963256836 and -11.5371904373169
-11.4677963256836 and -11.5389795303345
-11.4749507904053 and -11.5477294921875
-11.478199005127 and -11.5525941848755
-11.4812479019165 and -11.5572099685669
-11.4841890335083 and -11.5617189407349
-11.4841890335083 and -11.5629510879517
-11.4890089035034 and -11.5688648223877
-11.4908418655396 and -11.5715923309326
-11.4925384521484 and -11.5740003585815
-11.4940090179443 and -11.5760622024536
-11.4940090179443 and -11.576587677002
-11.4963855743408 and -11.5794363021851
-11.4975252151489 and -11.581000328064
-11.4984855651855 and -11.5823421478271
-11.4993419647217 and -11.5835418701172
-11.4993419647217 and -11.5838499069214
-11.500732421875 and -11.5855169296265
-11.5014219284058 and -11.5864553451538
-11.5019731521606 and -11.587230682373
-11.502477645874 and -11.5879364013672
-11.502477645874 and -11.5881175994873
-11.5033121109009 and -11.5891151428223
-11.5037050247192 and -11.5896549224854
-11.5040378570557 and -11.5901193618774
-11.5043354034424 and -11.5905351638794
-11.5043354034424 and -11.5906419754028
-11.5048189163208 and -11.5912218093872
-11.5050582885742 and -11.5915470123291
-11.5052556991577 and -11.5918226242065
-11.5054321289063 and -11.5920686721802
-11.5054321289063 and -11.5921316146851
-11.5057182312012 and -11.5924739837646
-11.505859375 and -11.5926666259766
-11.5059757232666 and -11.5928287506104
-11.5060787200928 and -11.5929727554321
-11.5060787200928 and -11.5930099487305
-11.5062475204468 and -11.5932121276855
-11.5063314437866 and -11.5933256149292
-11.5064001083374 and -11.5934219360352
-11.5064611434937 and -11.5935068130493
-11.5064611434937 and -11.5935287475586
-11.5065603256226 and -11.5936479568481
-11.5065488815308 and -11.593653678894
-11.5066137313843 and -11.5937347412109
-11.5066680908203 and -11.5938034057617
-11.5066680908203 and -11.5938167572021
-11.5067443847656 and -11.5939044952393
-11.5067749023438 and -11.5939455032349
-11.5067987442017 and -11.5939788818359
-11.5067892074585 and -11.5939779281616
-11.5067892074585 and -11.5939855575562
-11.5068216323853 and -11.5940246582031
-11.506854057312 and -11.5940628051758
-11.5068845748901 and -11.5940990447998
-11.5068826675415 and -11.5941019058228
-11.5068826675415 and -11.5941066741943
-11.5069026947021 and -11.5941305160522
-11.5068969726563 and -11.5941286087036
-11.5069189071655 and -11.5941543579102
-11.5069427490234 and -11.5942220687866
-11.5069427490234 and -11.5942316055298
-11.5070581436157 and -11.594367980957
-11.5071020126343 and -11.5944328308105
-11.5071659088135 and -11.5945329666138
-11.5072374343872 and -11.5946426391602
-11.5072374343872 and -11.5946636199951
-11.5073347091675 and -11.5947875976563
-11.5073623657227 and -11.5948247909546
-11.5073671340942 and -11.5948305130005
-11.5073699951172 and -11.5948343276978
-11.5073699951172 and -11.5948352813721
-11.5073728561401 and -11.5948390960693
-11.5073747634888 and -11.5948419570923
-11.5073843002319 and -11.594856262207
-11.5073871612549 and -11.59485912323
-11.5073871612549 and -11.5948600769043
-11.5073890686035 and -11.5948619842529
-11.5073909759521 and -11.5948648452759
-11.5073919296265 and -11.5948657989502
-11.4342555999756 and -11.4914197921753
-11.4419326782227 and -11.5022497177124
-11.4485893249512 and -11.5117244720459
-11.4485893249512 and -11.5142450332642
-11.4598026275635 and -11.5277128219604
-11.4646673202515 and -11.5345945358276
-11.4689769744873 and -11.5407104492188
-11.4728488922119 and -11.546199798584
-11.4728488922119 and -11.5476484298706
-11.4795093536377 and -11.5556077957153
-11.4821300506592 and -11.5593929290771
-11.484673500061 and -11.5629796981812
-11.4869766235352 and -11.5662202835083
-11.4869766235352 and -11.5670604705811
-11.4910507202148 and -11.571888923645
-11.4925842285156 and -11.5740995407104
-11.4940795898438 and -11.5762033462524
-11.4954347610474 and -11.5781049728394
-11.4954347610474 and -11.578595161438
-11.4976634979248 and -11.5812654495239
-11.4987306594849 and -11.5827283859253
-11.4996089935303 and -11.5839624404907
-11.5004062652588 and -11.5850801467896
-11.5004062652588 and -11.5853681564331
-11.501727104187 and -11.5869474411011
-11.5023498535156 and -11.5878028869629
-11.5028762817383 and -11.5885381698608
-11.5033483505249 and -11.5891981124878
-11.5033483505249 and -11.5893678665161
-11.5041160583496 and -11.5902872085571
-11.5044927597046 and -11.5908012390137
-11.5048055648804 and -11.5912370681763
-11.5050830841064 and -11.591625213623
-11.5050830841064 and -11.5917253494263
-11.5055360794067 and -11.5922679901123
-11.5057592391968 and -11.5925712585449
-11.5059432983398 and -11.5928287506104
-11.4383592605591 and -11.4919157028198
-11.4383592605591 and -11.4937429428101
-11.4503192901611 and -11.5071096420288
-11.4552984237671 and -11.5132522583008
-11.4595718383789 and -11.5185222625732
-11.4633684158325 and -11.5233278274536
-11.4633684158325 and -11.5243825912476
-11.4699201583862 and -11.5320081710815
-8.47815799713135 and -8.45894241333008
-8.41015625 and -8.38728523254395
-8.41015625 and -8.3843994140625
-8.35315990447998 and -8.32358169555664
-8.30652618408203 and -8.27143573760986
