Godot Engine v4.1.3.stable.official.f06b6836a - https://godotengine.org
Vulkan API 1.3.289 - Forward Mobile - Using Vulkan Device #0: NVIDIA - NVIDIA GeForce RTX 3060
 
8.71474361419678 and 8.76974487304688
8.70731258392334 and 8.75902080535889
8.70051574707031 and 8.74925231933594
8.70051574707031 and 8.74657535552979
8.68900203704834 and 8.73264122009277
8.68405818939209 and 8.72551155090332
8.67961502075195 and 8.71909427642822
8.67562675476074 and 8.7133150100708
8.67562675476074 and 8.71170806884766
8.66875076293945 and 8.70338344573975
8.66588973999023 and 8.69921684265137
8.66327285766602 and 8.69542217254639
8.66093349456787 and 8.6920223236084
8.66093349456787 and 8.69106578826904
8.65695571899414 and 8.6862268447876
8.65520477294922 and 8.68370056152344
8.65366363525391 and 8.6814603805542
8.65227890014648 and 8.67944717407227
8.65227890014648 and 8.67888069152832
8.64995288848877 and 8.67604446411133
8.64893436431885 and 8.6745662689209
8.64802837371826 and 8.67324638366699
8.64721298217773 and 8.67205905914307
8.64721298217773 and 8.67172336578369
8.64581394195557 and 8.67002296447754
8.64522457122803 and 8.66916179656982
8.64469051361084 and 8.66838264465332
8.64421081542969 and 8.66768264770508
8.64421081542969 and 8.66748523712158
8.64340114593506 and 8.66649723052979
8.64303970336914 and 8.66597461700439
8.64272403717041 and 8.66551494598389
8.64243984222412 and 8.66510009765625
8.64243984222412 and 8.66498279571533
8.64196300506592 and 8.66440105438232
8.64174938201904 and 8.66409206390381
8.64156341552734 and 8.66382122039795
8.64139556884766 and 8.66357612609863
8.64139556884766 and 8.66350746154785
8.64111328125 and 8.66316223144531
8.64098834991455 and 8.66298198699951
8.64087772369385 and 8.66282081604004
8.64077949523926 and 8.66267681121826
8.64068984985352 and 8.66254615783691
8.64068984985352 and 8.66250991821289
8.64054012298584 and 8.66232681274414
8.64047431945801 and 8.6622314453125
8.64041519165039 and 8.66214561462402
8.64036273956299 and 8.66206932067871
8.64036273956299 and 8.66204738616943
8.64027404785156 and 8.66193866729736
8.64023494720459 and 8.6618824005127
8.6402006149292 and 8.66183185577393
8.64017009735107 and 8.66178703308105
8.64017009735107 and 8.66177463531494
8.64017009735107 and 8.66176319122314
8.64017009735107 and 8.66175270080566
8.64017009735107 and 8.6617431640625
8.64017009735107 and 8.66173458099365
8.64017009735107 and 8.66172695159912
-8.89725589752197 and -8.84213924407959
-8.88982009887695 and -8.83797550201416
-8.88301372528076 and -8.83413314819336
-8.88301372528076 and -8.83681297302246
-8.87148475646973 and -8.82770729064941
-8.86645603179932 and -8.82486724853516
-8.86201286315918 and -8.82240104675293
-8.85801029205322 and -8.82018184661865
-8.85801029205322 and -8.82179069519043
-8.85120296478271 and -8.81643390655518
-8.84842967987061 and -8.81496810913086
-8.84580898284912 and -8.81352615356445
-8.84344482421875 and -8.81222438812256
-8.84131240844727 and -8.8110408782959
-8.84131240844727 and -8.81190299987793
-8.83761215209961 and -8.80897903442383
-8.83614826202393 and -8.80821514129639
-8.83476257324219 and -8.80745983123779
-8.83351039886475 and -8.80677509307861
-8.83351039886475 and -8.80728626251221
-8.83142375946045 and -8.80565929412842
-8.83046436309814 and -8.80511379241943
-8.82966232299805 and -8.80468463897705
-8.82892513275146 and -8.80428314208984
-8.82892513275146 and -8.8045768737793
-8.82768154144287 and -8.8036060333252
-8.82712268829346 and -8.8032922744751
-8.82663822174072 and -8.80302810668945
-8.82620334625244 and -8.80279159545898
-8.82620334625244 and -8.80296993255615
-8.82548522949219 and -8.80241298675537
-8.82514572143555 and -8.80221843719482
-8.82489013671875 and -8.80209255218506
-8.82463550567627 and -8.8019552230835
-8.82463550567627 and -8.80205249786377
-8.82421779632568 and -8.80173015594482
-8.89725875854492 and -8.95167064666748
-8.89029693603516 and -8.94775104522705
-8.88392734527588 and -8.94410037994385
-8.88392734527588 and -8.94653129577637
-8.87313652038574 and -8.93791484832764
-8.86843681335449 and -8.93516063690186
-8.86426830291748 and -8.9327335357666
-8.86068058013916 and -8.93070602416992
-8.86068058013916 and -8.93210315704346
-8.85415744781494 and -8.92683124542236
-8.85180377960205 and -8.92526435852051
-8.84990978240967 and -8.92368602752686
-8.84766387939453 and -8.92245578765869
-8.84766387939453 and -8.92382717132568
-8.84241485595703 and -8.92033958435059
-8.83987426757813 and -8.91953086853027
-8.83747386932373 and -8.91859149932861
-8.83543491363525 and -8.91763782501221
-8.83543491363525 and -8.91832256317139
-8.83273315429688 and -8.91614532470703
-8.83155727386475 and -8.9154109954834
-8.83059310913086 and -8.91483020782471
-8.82968902587891 and -8.91426944732666
-8.82968902587891 and -8.91457557678223
-8.82826042175293 and -8.91341876983643
-8.82763290405273 and -8.91303730010986
-8.82705688476563 and -8.91268253326416
-8.82655239105225 and -8.91237258911133
-8.82655239105225 and -8.91254711151123
-8.82566261291504 and -8.91181087493896
-8.82527828216553 and -8.91155529022217
-8.82491683959961 and -8.91129302978516
-8.8245849609375 and -8.91100311279297
-8.8245849609375 and -8.91099262237549
-8.8241024017334 and -8.91045951843262
-8.82392120361328 and -8.91020393371582
-8.82377243041992 and -8.91000843048096
-8.82363224029541 and -8.9098596572876
-8.82363224029541 and -8.90986347198486
-8.82338047027588 and -8.90964221954346
-8.82326316833496 and -8.90955066680908
-8.82316303253174 and -8.90946960449219
-8.82308101654053 and -8.90941524505615
-8.82308101654053 and -8.90943908691406
-8.82292556762695 and -8.90931606292725
-8.82284545898438 and -8.90926456451416
-8.82277965545654 and -8.90922451019287
-8.82272052764893 and -8.90918922424316
-8.82272052764893 and -8.90919780731201
-8.82262992858887 and -8.90912628173828
-8.82259273529053 and -8.90908050537109
-8.82255935668945 and -8.90904998779297
-8.82253932952881 and -8.9090051651001
-8.82253932952881 and -8.90897846221924
-8.82251644134521 and -8.90892696380615
-8.82250881195068 and -8.90888786315918
-8.82249927520752 and -8.908860206604
-8.82247924804688 and -8.90884780883789
-8.82247924804688 and -8.90884208679199
-8.82245254516602 and -8.90882110595703
-8.82243537902832 and -8.90881061553955
-8.82242202758789 and -8.9088020324707
-8.82241058349609 and -8.90879535675049
-8.82241058349609 and -8.90880012512207
-8.82238960266113 and -8.90878295898438
-8.82238101959229 and -8.90877819061279
-8.82237339019775 and -8.90877342224121
-8.82236671447754 and -8.90876960754395
-8.82236671447754 and -8.90877246856689
-8.82235431671143 and -8.90876197814941
-8.82234859466553 and -8.90875816345215
-8.82234382629395 and -8.9087553024292
-8.82233905792236 and -8.90875244140625
-8.82233905792236 and -8.90875339508057
-8.82233238220215 and -8.90874862670898
-8.8223295211792 and -8.90874671936035
-8.82232666015625 and -8.90874481201172
-8.8223237991333 and -8.90874290466309
-8.8223237991333 and -8.9087438583374
-8.82231998443604 and -8.90874099731445
-8.8223180770874 and -8.90874004364014
-8.82231616973877 and -8.90873908996582
-8.82231521606445 and -8.9087381362915
-8.82231521606445 and -8.90873908996582
-8.8223123550415 and -8.90873622894287
-8.82231140136719 and -8.90873622894287
-8.82231044769287 and -8.90873527526855
-8.82230949401855 and -8.90873432159424
-8.82230949401855 and -8.90873527526855
-8.82230854034424 and -8.90873432159424
-8.82230758666992 and -8.90873336791992
-8.82230663299561 and -8.90873336791992
-8.82230663299561 and -8.90873336791992
-8.82230663299561 and -8.90873336791992
-8.82231140136719 and -8.90872383117676
-8.82231140136719 and -8.90872478485107
-8.82230472564697 and -8.90871810913086
-8.82229232788086 and -8.90873336791992
-8.82229232788086 and -8.90878868103027
-8.82222938537598 and -8.90880584716797
-8.8222017288208 and -8.90884304046631
-8.82215976715088 and -8.90889930725098
-8.82213687896729 and -8.90893459320068
-8.82213687896729 and -8.90900230407715
-8.82208442687988 and -8.90902519226074
-8.82206439971924 and -8.90906524658203
-8.82205295562744 and -8.90909290313721
-8.82203769683838 and -8.9091329574585
-8.82203769683838 and -8.90919399261475
-8.82200908660889 and -8.90924453735352
-8.82200241088867 and -8.90930271148682
-8.82200622558594 and -8.90940284729004
-8.82202529907227 and -8.9094877243042
-8.82202529907227 and -8.90955257415771
-8.8221435546875 and -8.90969753265381
-8.82219886779785 and -8.90975761413574
-8.82224559783936 and -8.9098014831543
-8.82225894927979 and -8.90981388092041
-8.82225894927979 and -8.90981292724609
-8.82225894927979 and -8.90981292724609
-8.82225894927979 and -8.90981292724609
-8.82225894927979 and -8.90981292724609
-8.82225894927979 and -8.90981292724609
-8.82225894927979 and -8.90981292724609
-8.82225894927979 and -8.90981292724609
-8.82225894927979 and -8.90981292724609
-8.82225894927979 and -8.90981292724609
-8.82225894927979 and -8.90981292724609
-8.82225894927979 and -8.90981292724609
-8.82225894927979 and -8.90981292724609
-8.82225894927979 and -8.90981292724609
-8.82225894927979 and -8.90981292724609
-8.82225894927979 and -8.90981292724609
-8.82225894927979 and -8.90981292724609
-8.82225894927979 and -8.90981292724609
-8.82225894927979 and -8.90981292724609
-8.82225894927979 and -8.90981292724609
-8.82225894927979 and -8.90981292724609
-8.82225894927979 and -8.90981292724609
-8.82225894927979 and -8.90981292724609
-8.82225894927979 and -8.90981292724609
-8.82225894927979 and -8.90981292724609
-8.82225894927979 and -8.90981292724609
-8.82225894927979 and -8.90981292724609
-8.82225894927979 and -8.90981292724609
-8.82225894927979 and -8.90981292724609
-8.82225894927979 and -8.90981292724609
-8.82225894927979 and -8.90981292724609
-8.82225894927979 and -8.90981292724609
-8.82225894927979 and -8.90981292724609
-8.82225894927979 and -8.90981292724609
-8.82225894927979 and -8.90981292724609
-8.82225894927979 and -8.90981292724609
-8.82225894927979 and -8.90981292724609
-8.82225894927979 and -8.90981292724609
-8.82225894927979 and -8.90981292724609
-8.82225894927979 and -8.90981292724609
-8.82225894927979 and -8.90981292724609
-8.82225894927979 and -8.90981292724609
-8.82225894927979 and -8.90981292724609
-8.82225894927979 and -8.90981292724609
-8.82225894927979 and -8.90981292724609
-8.82225894927979 and -8.90981292724609
-8.82225894927979 and -8.90981292724609
-8.82225894927979 and -8.90981292724609
-8.82225894927979 and -8.90981292724609
-8.82225894927979 and -8.90981292724609
-8.82225894927979 and -8.90981292724609
-8.82225894927979 and -8.90981292724609
-8.82225894927979 and -8.90981292724609
-8.82225894927979 and -8.90981292724609
-8.82225894927979 and -8.90981292724609
-8.82225894927979 and -8.90981292724609
-8.82225894927979 and -8.90981292724609
-8.82225894927979 and -8.90981292724609
-8.82225894927979 and -8.90981292724609
-8.82225894927979 and -8.90981292724609
-8.82225894927979 and -8.90981292724609
-8.82225894927979 and -8.90981292724609
-8.82225894927979 and -8.90981292724609
-8.82225894927979 and -8.90981292724609
-8.82225894927979 and -8.90981292724609
-8.82225894927979 and -8.90981292724609
-8.82225894927979 and -8.90981292724609
-8.82225894927979 and -8.90981292724609
-8.82225894927979 and -8.90981292724609
-8.82225894927979 and -8.90981292724609
-8.82225894927979 and -8.90981292724609
-8.82225894927979 and -8.90981292724609
-8.82225894927979 and -8.90981292724609
-8.82225894927979 and -8.90981292724609
-8.82225894927979 and -8.90981292724609
-8.82225894927979 and -8.90981292724609
-8.82225894927979 and -8.90981292724609
-8.82225894927979 and -8.90981292724609
-8.82225894927979 and -8.90981292724609
-8.82225894927979 and -8.90981292724609
-8.82225894927979 and -8.90981292724609
-8.82225894927979 and -8.90981292724609
-8.82225894927979 and -8.90981292724609
-8.82225894927979 and -8.90981292724609
-8.82225894927979 and -8.90981292724609
-8.82225894927979 and -8.90981292724609
-8.82225894927979 and -8.90981292724609
-8.82225894927979 and -8.90981292724609
-8.82225894927979 and -8.90981292724609
-8.82225894927979 and -8.90981292724609
-8.82225894927979 and -8.90981292724609
-8.82225894927979 and -8.90981292724609
-8.82225894927979 and -8.90981292724609
-8.82225894927979 and -8.90981292724609
-8.82225894927979 and -8.90981292724609
-8.82225894927979 and -8.90981292724609
-8.82225894927979 and -8.90981292724609
-8.82225894927979 and -8.90981292724609
-8.82225894927979 and -8.90981292724609
-8.82225894927979 and -8.90981292724609
-8.82225894927979 and -8.90981292724609
-8.82225894927979 and -8.90981292724609
-8.82225894927979 and -8.90981292724609
-8.82225894927979 and -8.90981292724609
-8.82225894927979 and -8.90981292724609
-8.82225894927979 and -8.90981292724609
-8.82225894927979 and -8.90981292724609
-8.82225894927979 and -8.90981292724609
-8.82225894927979 and -8.90981292724609
-8.82225894927979 and -8.90981292724609
-8.82225894927979 and -8.90981292724609
-8.82225894927979 and -8.90981292724609
-8.82225894927979 and -8.90981292724609
-8.82225894927979 and -8.90981292724609
-8.82225894927979 and -8.90981292724609
-8.82225894927979 and -8.90981292724609
-8.82225894927979 and -8.90981292724609
-8.82225894927979 and -8.90981292724609
-8.82225894927979 and -8.90981292724609
-8.82225894927979 and -8.90981292724609
-8.82225894927979 and -8.90981292724609
-8.82225894927979 and -8.90981292724609
-8.82225894927979 and -8.90981292724609
-8.82225894927979 and -8.90981292724609
-8.82225894927979 and -8.90981292724609
-8.82225894927979 and -8.90981292724609
-8.82225894927979 and -8.90981292724609
-8.82225894927979 and -8.90981292724609
-8.82225894927979 and -8.90981292724609
-8.82225894927979 and -8.90981292724609
-8.82225894927979 and -8.90981292724609
-8.82225894927979 and -8.90981292724609
-8.82225894927979 and -8.90981292724609
-8.82225894927979 and -8.90981292724609
-8.82225894927979 and -8.90981292724609
-8.82225894927979 and -8.90981292724609
-8.82225894927979 and -8.90981292724609
-8.82225894927979 and -8.90981292724609
-8.82225894927979 and -8.90981292724609
-8.82225894927979 and -8.90981292724609
-8.82225894927979 and -8.90981292724609
-8.82225894927979 and -8.90981292724609
-8.82225894927979 and -8.90981292724609
-8.89695167541504 and -8.95336627960205
-8.88949584960938 and -8.949143409729
-8.88949584960938 and -8.95203399658203
-8.87674236297607 and -8.94186401367188
-8.87116146087646 and -8.93859386444092
-8.86634254455566 and -8.9358434677124
-8.86191844940186 and -8.93327045440674
-8.86191844940186 and -8.93492794036865
-8.85429763793945 and -8.92879199981689
-8.8511209487915 and -8.92694664001465
-8.84823417663574 and -8.92525291442871
-8.84562492370605 and -8.92371368408203
-8.84562492370605 and -8.92467308044434
-8.84122753143311 and -8.9211368560791
-8.83929538726807 and -8.91997718811035
-8.83758068084717 and -8.9189567565918
-8.83604621887207 and -8.91804504394531
-8.83604621887207 and -8.91860389709473
-8.83345985412598 and -8.91652011871338
-8.83230972290039 and -8.91582202911377
-8.8313045501709 and -8.91522216796875
-8.83040046691895 and -8.91468334197998
-8.83040046691895 and -8.91501140594482
-8.82888412475586 and -8.91378974914551
-8.82822704315186 and -8.91339683532715
-8.82763576507568 and -8.91304397583008
-8.8271017074585 and -8.91272449493408
-8.8271017074585 and -8.912917137146
-8.82618141174316 and -8.91216945648193
-8.82580375671387 and -8.91194820404053
-8.82545471191406 and -8.91173934936523
-8.82514095306396 and -8.9115514755249
-8.82514095306396 and -8.91166496276855
-8.82461357116699 and -8.91123962402344
-8.82437610626221 and -8.91109371185303
-8.89725494384766 and -8.95265865325928
-8.89725494384766 and -8.95584011077881
-8.88363647460938 and -8.94505596160889
-8.87759208679199 and -8.94156455993652
-8.87238693237305 and -8.93862819671631
-8.86759376525879 and -8.9358434677124
-8.86759376525879 and -8.93764209747314
-8.8593692779541 and -8.93102836608887
-8.85593700408936 and -8.92903804779053
-8.85281658172607 and -8.92721080780029
-8.84999942779541 and -8.92555236816406
-8.84999942779541 and -8.92659187316895
-8.84524154663086 and -8.92276573181152
-8.84315013885498 and -8.92151069641113
-8.84130573272705 and -8.92041778564453
-8.83964920043945 and -8.91943454742432
-8.83964920043945 and -8.92004013061523
-8.83685970306396 and -8.9177942276001
-8.83561420440674 and -8.91703701019287
-8.83452796936035 and -8.91638946533203
-8.83357715606689 and -8.91583251953125
-8.83357715606689 and -8.91618633270264
-8.83191776275635 and -8.91484546661377
-8.83120155334473 and -8.91441535949707
-8.83056163787842 and -8.91403293609619
-8.82998752593994 and -8.9136905670166
-8.82998752593994 and -8.91389846801758
-8.82902336120605 and -8.91312122344971
-8.82858657836914 and -8.91285228729248
-8.82820892333984 and -8.91262626647949
-8.82820892333984 and -8.91276264190674
-8.82820892333984 and -8.91288471221924
